2017-02-27 15:40:39,105 - INFO - login.py[line:38] - login sucess <requests.sessions.Session object at 0x0000000003110F98> 
2017-02-27 15:47:39,134 - INFO - login.py[line:38] - login sucess <requests.sessions.Session object at 0x0000000003249F98> 
2017-02-28 09:50:38,346 - INFO - request_getdata.py[line:58] - CPlateNo= 苏AA7A72 是CIC续保用户 
2017-02-28 09:50:59,882 - INFO - vhlPlatform.py[line:32] - ------------------DamaTu.request.start--------------------------------
2017-02-28 09:51:11,240 - INFO - vhlPlatform.py[line:36] - ------------------DamaTu.request.end--------------------------------9QYM
2017-02-28 09:51:11,242 - INFO - vhlPlatform.py[line:51] - ------------------getCarInof.start--------------------------------
2017-02-28 09:51:13,631 - INFO - vhlPlatform.py[line:32] - ------------------DamaTu.request.start--------------------------------
2017-02-28 09:51:23,213 - INFO - vhlPlatform.py[line:36] - ------------------DamaTu.request.end--------------------------------JDTV
2017-02-28 09:51:24,164 - INFO - vhlPlatform.py[line:77] - cic code SUCESS 
2017-02-28 09:51:24,236 - INFO - vhlPlatform.py[line:81] - cardict{'CEngNo': u'AFE0588168', 'RejectDate': u'20991231', 'color': u'\u9ed1', 'CFstRegYm': u'2004-03-17', 'gNDisplacement': u'1.781', 'pmUseType': u'\u975e\u8425\u8fd0', 'MadeFactory': u'\u4e0a\u6d77\u5927\u4f17\u6c7d\u8f66\u6709\u9650\u516c\u53f8', 'IneffectualDate': u'20170331', 'EngineType': u'\u6c7d\u6cb9', 'gCBrandId': u'\u6851\u5854\u7eb3', 'Haulage': u'0', 'RImportFlag': u'\u516d\u5ea7\u4ee5\u4e0b\u5ba2\u8f66', 'gCPlateNo': u'\u82cfAA7A72', 'LastCheckDate': u'20160318', 'status': u'\u8fdd\u6cd5\u672a\u5904\u7406', 'gNSeatNum': u'5', 'NCurbWt': u'1.07', 'useType': u'', 'RVehlcleTonnage': u'0.0', 'TransferDate': u'2014-06-26', 'gCNoticeType': u'SVW7180CEI', 'gCRegVhlTyp': u'K33', 'BrandEN': u'', 'hCAppNme': u'\u6731\u56fd\u6881', 'gCFrmNo': u'LSVAF033442089796', 'gCPlateTyp': u'02', 'SalesChannl': u'\u56fd\u4ea7', 'VehlclePrice': u'0'}
2017-02-28 09:52:02,013 - INFO - request_getdata.py[line:58] - CPlateNo= 苏AA7A72 是CIC续保用户 
2017-02-28 09:57:19,180 - INFO - request_getdata.py[line:58] - CPlateNo= 苏AA7A72 是CIC续保用户 
2017-02-28 10:04:58,982 - INFO - request_getdata.py[line:58] - CPlateNo= 苏AA7A72 是CIC续保用户 
2017-02-28 10:07:15,071 - INFO - request_getdata.py[line:58] - CPlateNo= 苏AA7A72 是CIC续保用户 
2017-02-28 10:34:06,920 - INFO - request_getdata.py[line:58] - CPlateNo= 苏AN0Q83 是CIC续保用户 
2017-02-28 10:41:39,026 - INFO - login.py[line:38] - login sucess <requests.sessions.Session object at 0x0000000006033E80> 
2017-02-28 10:41:58,788 - INFO - request_getdata.py[line:58] - CPlateNo= 苏AA7A72 是CIC续保用户 
2017-02-28 10:42:23,786 - INFO - login.py[line:38] - login sucess <requests.sessions.Session object at 0x00000000032B9F98> 
2017-02-28 10:43:39,332 - INFO - login.py[line:38] - login sucess <requests.sessions.Session object at 0x00000000032E9F98> 
2017-02-28 10:43:56,826 - INFO - request_getdata.py[line:58] - CPlateNo= 苏AA7A72 是CIC续保用户 
2017-02-28 10:47:25,055 - INFO - request_getdata.py[line:58] - CPlateNo= 苏AA7A72 是CIC续保用户 
2017-02-28 10:50:12,661 - INFO - request_getdata.py[line:58] - CPlateNo= 苏AA7A72 是CIC续保用户 
2017-02-28 10:51:38,078 - INFO - request_getdata.py[line:58] - CPlateNo= 苏AA7A72 是CIC续保用户 
2017-02-28 13:41:17,664 - INFO - request_getdata.py[line:58] - CPlateNo= 苏AN0Q83 是CIC续保用户 
2017-02-28 14:15:18,944 - INFO - request_getdata.py[line:58] - CPlateNo= 苏M136J2 是CIC续保用户 
2017-02-28 14:18:50,132 - INFO - request_getdata.py[line:58] - CPlateNo= 苏ACT916 是CIC续保用户 
2017-02-28 14:20:06,108 - INFO - request_getdata.py[line:58] - CPlateNo= 苏ACT916 是CIC续保用户 
2017-02-28 14:21:33,841 - INFO - request_getdata.py[line:58] - CPlateNo= 苏ACT916 是CIC续保用户 
2017-02-28 14:22:48,641 - INFO - request_getdata.py[line:58] - CPlateNo= 苏ACT916 是CIC续保用户 
2017-02-28 14:24:16,930 - INFO - request_getdata.py[line:58] - CPlateNo= 苏ACT916 是CIC续保用户 
2017-02-28 16:32:28,914 - INFO - request_getdata.py[line:58] - CPlateNo= 苏ACY105 是CIC续保用户 
2017-02-28 16:32:33,838 - INFO - vhlPlatform.py[line:32] - ------------------DamaTu.request.start--------------------------------
2017-02-28 16:32:37,496 - INFO - vhlPlatform.py[line:36] - ------------------DamaTu.request.end--------------------------------AVMY
2017-02-28 16:32:37,499 - INFO - vhlPlatform.py[line:51] - ------------------getCarInof.start--------------------------------
2017-02-28 16:32:38,273 - INFO - vhlPlatform.py[line:81] - cardict{'CEngNo': u'8788729', 'RejectDate': u'20991231', 'color': u'\u7ea2', 'CFstRegYm': u'2012-03-29', 'gNDisplacement': u'1.587', 'pmUseType': u'\u975e\u8425\u8fd0', 'MadeFactory': u'\u795e\u9f99\u6c7d\u8f66\u6709\u9650\u516c\u53f8', 'IneffectualDate': u'20180331', 'EngineType': u'\u6c7d\u6cb9', 'gCBrandId': u'\u4e1c\u98ce\u6807\u81f4\u724c', 'Haulage': u'0', 'RImportFlag': u'\u516d\u5ea7\u4ee5\u4e0b\u5ba2\u8f66', 'gCPlateNo': u'\u82cfACY105', 'LastCheckDate': u'20160316', 'status': u'\u6b63\u5e38', 'gNSeatNum': u'5', 'NCurbWt': u'1.321', 'useType': u'', 'RVehlcleTonnage': u'0.0', 'TransferDate': u'', 'gCNoticeType': u'DC7164DTAM', 'gCRegVhlTyp': u'K33', 'BrandEN': u'', 'hCAppNme': u'\u9648\u71d5', 'gCFrmNo': u'LDC933L25B1816983', 'gCPlateTyp': u'02', 'SalesChannl': u'\u56fd\u4ea7', 'VehlclePrice': u'0'}
2017-02-28 16:59:17,680 - INFO - request_getdata.py[line:58] - CPlateNo= 苏ACY105 是CIC续保用户 
2017-02-28 16:59:22,296 - INFO - vhlPlatform.py[line:32] - ------------------DamaTu.request.start--------------------------------
2017-02-28 16:59:24,851 - INFO - vhlPlatform.py[line:36] - ------------------DamaTu.request.end--------------------------------AAQB
2017-02-28 16:59:24,852 - INFO - vhlPlatform.py[line:51] - ------------------getCarInof.start--------------------------------
2017-02-28 16:59:25,408 - INFO - vhlPlatform.py[line:81] - cardict{'CEngNo': u'8788729', 'RejectDate': u'20991231', 'color': u'\u7ea2', 'CFstRegYm': u'2012-03-29', 'gNDisplacement': u'1.587', 'pmUseType': u'\u975e\u8425\u8fd0', 'MadeFactory': u'\u795e\u9f99\u6c7d\u8f66\u6709\u9650\u516c\u53f8', 'IneffectualDate': u'20180331', 'EngineType': u'\u6c7d\u6cb9', 'gCBrandId': u'\u4e1c\u98ce\u6807\u81f4\u724c', 'Haulage': u'0', 'RImportFlag': u'\u516d\u5ea7\u4ee5\u4e0b\u5ba2\u8f66', 'gCPlateNo': u'\u82cfACY105', 'LastCheckDate': u'20160316', 'status': u'\u6b63\u5e38', 'gNSeatNum': u'5', 'NCurbWt': u'1.321', 'useType': u'', 'RVehlcleTonnage': u'0.0', 'TransferDate': u'', 'gCNoticeType': u'DC7164DTAM', 'gCRegVhlTyp': u'K33', 'BrandEN': u'', 'hCAppNme': u'\u9648\u71d5', 'gCFrmNo': u'LDC933L25B1816983', 'gCPlateTyp': u'02', 'SalesChannl': u'\u56fd\u4ea7', 'VehlclePrice': u'0'}
2017-02-28 16:59:32,424 - INFO - request_getdata.py[line:373] - 入库成功:苏ACY105|LDC933L25B1816983
2017-02-28 17:12:22,667 - INFO - request_getdata.py[line:58] - CPlateNo= 苏ACY105 是CIC续保用户 
2017-02-28 17:12:26,783 - INFO - vhlPlatform.py[line:32] - ------------------DamaTu.request.start--------------------------------
2017-02-28 17:12:29,046 - ERROR - vhlPlatform.py[line:39] - HTTPConnectionPool(host='api.dama2.com', port=7766): Max retries exceeded with url: /app/d2File (Caused by NewConnectionError('<requests.packages.urllib3.connection.HTTPConnection object at 0x0000000007BC2F98>: Failed to establish a new connection: [Errno 11004] getaddrinfo failed',))
2017-02-28 17:12:29,048 - ERROR - vhlPlatform.py[line:86] - 'NoneType' object has no attribute '__getitem__'
2017-02-28 17:14:56,857 - INFO - request_getdata.py[line:58] - CPlateNo= 苏ACY105 是CIC续保用户 
2017-02-28 17:15:02,092 - INFO - vhlPlatform.py[line:32] - ------------------DamaTu.request.start--------------------------------
2017-02-28 17:15:09,994 - INFO - vhlPlatform.py[line:36] - ------------------DamaTu.request.end--------------------------------RMZM
2017-02-28 17:15:09,994 - INFO - vhlPlatform.py[line:51] - ------------------getCarInof.start--------------------------------
2017-02-28 17:15:10,819 - INFO - vhlPlatform.py[line:81] - cardict{'CEngNo': u'8788729', 'RejectDate': u'20991231', 'color': u'\u7ea2', 'CFstRegYm': u'2012-03-29', 'gNDisplacement': u'1.587', 'pmUseType': u'\u975e\u8425\u8fd0', 'MadeFactory': u'\u795e\u9f99\u6c7d\u8f66\u6709\u9650\u516c\u53f8', 'IneffectualDate': u'20180331', 'EngineType': u'\u6c7d\u6cb9', 'gCBrandId': u'\u4e1c\u98ce\u6807\u81f4\u724c', 'Haulage': u'0', 'RImportFlag': u'\u516d\u5ea7\u4ee5\u4e0b\u5ba2\u8f66', 'gCPlateNo': u'\u82cfACY105', 'LastCheckDate': u'20160316', 'status': u'\u6b63\u5e38', 'gNSeatNum': u'5', 'NCurbWt': u'1.321', 'useType': u'', 'RVehlcleTonnage': u'0.0', 'TransferDate': u'', 'gCNoticeType': u'DC7164DTAM', 'gCRegVhlTyp': u'K33', 'BrandEN': u'', 'hCAppNme': u'\u9648\u71d5', 'gCFrmNo': u'LDC933L25B1816983', 'gCPlateTyp': u'02', 'SalesChannl': u'\u56fd\u4ea7', 'VehlclePrice': u'0'}
2017-02-28 17:15:19,621 - INFO - request_getdata.py[line:373] - 入库成功:苏ACY105|LDC933L25B1816983
2017-03-01 14:51:23,094 - INFO - request_getdata.py[line:58] - CPlateNo= 苏ACY105 是CIC续保用户 
2017-03-01 14:51:25,875 - INFO - vhlPlatform.py[line:32] - ------------------DamaTu.request.start--------------------------------
2017-03-01 14:51:31,709 - INFO - vhlPlatform.py[line:36] - ------------------DamaTu.request.end--------------------------------9M3D
2017-03-01 14:51:31,710 - INFO - vhlPlatform.py[line:51] - ------------------getCarInof.start--------------------------------
2017-03-01 14:51:32,358 - INFO - vhlPlatform.py[line:81] - cardict{'CEngNo': u'8788729', 'RejectDate': u'20991231', 'color': u'\u7ea2', 'CFstRegYm': u'2012-03-29', 'gNDisplacement': u'1.587', 'pmUseType': u'\u975e\u8425\u8fd0', 'MadeFactory': u'\u795e\u9f99\u6c7d\u8f66\u6709\u9650\u516c\u53f8', 'IneffectualDate': u'20180331', 'EngineType': u'\u6c7d\u6cb9', 'gCBrandId': u'\u4e1c\u98ce\u6807\u81f4\u724c', 'Haulage': u'0', 'RImportFlag': u'\u516d\u5ea7\u4ee5\u4e0b\u5ba2\u8f66', 'gCPlateNo': u'\u82cfACY105', 'LastCheckDate': u'20160316', 'status': u'\u6b63\u5e38', 'gNSeatNum': u'5', 'NCurbWt': u'1.321', 'useType': u'', 'RVehlcleTonnage': u'0.0', 'TransferDate': u'', 'gCNoticeType': u'DC7164DTAM', 'gCRegVhlTyp': u'K33', 'BrandEN': u'', 'hCAppNme': u'\u9648\u71d5', 'gCFrmNo': u'LDC933L25B1816983', 'gCPlateTyp': u'02', 'SalesChannl': u'\u56fd\u4ea7', 'VehlclePrice': u'0'}
2017-03-01 14:51:36,322 - ERROR - request_getdata.py[line:378] - 车架号：LDC933L25B1816983,错误信息报价失败!起保日期必须在签单日期的规定时间范围内！:
2017-03-01 15:47:40,526 - INFO - vhlPlatform.py[line:32] - ------------------DamaTu.request.start--------------------------------
2017-03-01 15:47:43,467 - INFO - vhlPlatform.py[line:36] - ------------------DamaTu.request.end--------------------------------U11K
2017-03-01 15:47:43,467 - INFO - vhlPlatform.py[line:51] - ------------------getCarInof.start--------------------------------
2017-03-01 15:47:44,345 - INFO - vhlPlatform.py[line:81] - cardict{'CEngNo': u'30895140', 'RejectDate': u'20991231', 'color': u'\u7070', 'CFstRegYm': u'2008-01-10', 'gNDisplacement': u'1.796', 'pmUseType': u'\u975e\u8425\u8fd0', 'MadeFactory': u'\u5317\u4eac\u5954\u9a70-\u6234\u59c6\u52d2\xb7\u514b\u83b1\u65af\u52d2\u6c7d\u8f66\u6709\u9650\u516c\u53f8', 'IneffectualDate': u'20180131', 'EngineType': u'\u6c7d\u6cb9', 'gCBrandId': u'\u6885\u8d5b\u5fb7\u65af-\u5954\u9a70\u724c', 'Haulage': u'0', 'RImportFlag': u'\u516d\u5ea7\u4ee5\u4e0b\u5ba2\u8f66', 'gCPlateNo': u'\u82cfL16966', 'LastCheckDate': u'20170105', 'status': u'\u8fdd\u6cd5\u672a\u5904\u7406', 'gNSeatNum': u'5', 'NCurbWt': u'1.66', 'useType': u'', 'RVehlcleTonnage': u'0.0', 'TransferDate': u'', 'gCNoticeType': u'BJ7181 (E 200)', 'gCRegVhlTyp': u'K33', 'BrandEN': u'', 'hCAppNme': u'\u9547\u6c5f\u5b89\u7279\u901a\u7528\u7535\u6c14\u6709\u9650\u516c\u53f8', 'gCFrmNo': u'LE4FTM8Y67L010683', 'gCPlateTyp': u'02', 'SalesChannl': u'\u56fd\u4ea7', 'VehlclePrice': u'0'}
2017-03-01 15:47:50,144 - ERROR - request_getdata.py[line:378] - 车架号：LE4FTM8Y67L010683,错误信息报价失败!车险平台返回信息 车牌号“苏L16966”的保单发生重复投保，与其重复投保的其它公司的保单信息如下：车架号 LE4FTM8Y67L010683;发动机号 30895140。*:
2017-03-02 13:57:42,368 - INFO - request_getdata.py[line:58] - CPlateNo= 苏AN0Q83 是CIC续保用户 
2017-03-02 13:59:06,529 - INFO - request_getdata.py[line:58] - CPlateNo= 苏AN0Q83 是CIC续保用户 
2017-03-02 14:00:37,145 - INFO - request_getdata.py[line:58] - CPlateNo= 苏AN0Q83 是CIC续保用户 
2017-03-02 16:23:41,392 - INFO - request_getdata.py[line:58] - CPlateNo= 苏AN0Q83 是CIC续保用户 
2017-03-03 14:09:21,483 - INFO - request_getdata.py[line:58] - CPlateNo= 苏ACT916 是CIC续保用户 
2017-03-03 14:18:19,415 - INFO - request_getdata.py[line:58] - CPlateNo= 苏ACT916 是CIC续保用户 
2017-03-03 14:32:21,358 - INFO - request_getdata.py[line:58] - CPlateNo= 苏ACT916 是CIC续保用户 
2017-03-03 14:38:02,436 - INFO - request_getdata.py[line:58] - CPlateNo= 苏ACT916 是CIC续保用户 
2017-03-03 14:44:31,459 - INFO - request_getdata.py[line:58] - CPlateNo= 苏ACT916 是CIC续保用户 
2017-03-03 14:53:17,059 - INFO - request_getdata.py[line:58] - CPlateNo= 苏ACT916 是CIC续保用户 
2017-03-03 15:02:56,971 - INFO - request_getdata.py[line:58] - CPlateNo= 苏ACT916 是CIC续保用户 
2017-03-03 15:30:25,763 - INFO - request_getdata.py[line:58] - CPlateNo= 苏ACT916 是CIC续保用户 
2017-03-04 12:47:56,619 - INFO - request_getdata.py[line:58] - CPlateNo= 苏ACT916 是CIC续保用户 
2017-03-04 12:48:06,388 - INFO - vhlPlatform.py[line:32] - ------------------DamaTu.request.start--------------------------------
2017-03-04 12:48:09,697 - INFO - vhlPlatform.py[line:36] - ------------------DamaTu.request.end--------------------------------YXX2
2017-03-04 12:48:09,700 - INFO - vhlPlatform.py[line:51] - ------------------getCarInof.start--------------------------------
2017-03-04 12:48:10,308 - INFO - vhlPlatform.py[line:81] - cardict{'CEngNo': u'6011004', 'RejectDate': u'20991231', 'color': u'\u7070', 'CFstRegYm': u'2007-03-01', 'gNDisplacement': u'1.993', 'pmUseType': u'\u975e\u8425\u8fd0', 'MadeFactory': u'\u4e1c\u98ce\u67f3\u5dde\u6c7d\u8f66\u6709\u9650\u516c\u53f8', 'IneffectualDate': u'20170331', 'EngineType': u'\u6c7d\u6cb9', 'gCBrandId': u'\u4e1c\u98ce\u724c', 'Haulage': u'0', 'RImportFlag': u'\u516d\u5ea7\u81f3\u5341\u5ea7\u5ba2\u8f66', 'gCPlateNo': u'\u82cfACT916', 'LastCheckDate': u'20160317', 'status': u'\u8fdd\u6cd5\u672a\u5904\u7406', 'gNSeatNum': u'7', 'NCurbWt': u'1.75', 'useType': u'', 'RVehlcleTonnage': u'0.0', 'TransferDate': u'', 'gCNoticeType': u'LZ6500BQ9LE', 'gCRegVhlTyp': u'K31', 'BrandEN': u'', 'hCAppNme': u'\u5218\u9053\u624d', 'gCFrmNo': u'LGB2AAE336Z019153', 'gCPlateTyp': u'02', 'SalesChannl': u'\u56fd\u4ea7', 'VehlclePrice': u'0'}
2017-03-04 12:49:19,187 - INFO - request_getdata.py[line:58] - CPlateNo= 苏AN0Q83 是CIC续保用户 
2017-03-04 12:49:30,563 - INFO - vhlPlatform.py[line:32] - ------------------DamaTu.request.start--------------------------------
2017-03-04 12:49:36,075 - INFO - vhlPlatform.py[line:36] - ------------------DamaTu.request.end--------------------------------OQK3
2017-03-04 12:49:36,076 - INFO - vhlPlatform.py[line:51] - ------------------getCarInof.start--------------------------------
2017-03-04 12:49:36,696 - INFO - vhlPlatform.py[line:81] - cardict{'CEngNo': u'TAEM02094', 'RejectDate': u'20991231', 'color': u'\u68d5', 'CFstRegYm': u'2015-01-29', 'gNDisplacement': u'1.971', 'pmUseType': u'\u975e\u8425\u8fd0', 'MadeFactory': u'\u5947\u745e\u6c7d\u8f66\u80a1\u4efd\u6709\u9650\u516c\u53f8', 'IneffectualDate': u'20170131', 'EngineType': u'\u6c7d\u6cb9', 'gCBrandId': u'\u5947\u745e\u724c', 'Haulage': u'0', 'RImportFlag': u'\u516d\u5ea7\u4ee5\u4e0b\u5ba2\u8f66', 'gCPlateNo': u'\u82cfAN0Q83', 'LastCheckDate': u'20150129', 'status': u'\u903e\u671f\u672a\u68c0\u9a8c', 'gNSeatNum': u'5', 'NCurbWt': u'1.495', 'useType': u'', 'RVehlcleTonnage': u'0.0', 'TransferDate': u'', 'gCNoticeType': u'SQR6451T217', 'gCRegVhlTyp': u'K31', 'BrandEN': u'', 'hCAppNme': u'\u718a\u98de', 'gCFrmNo': u'LVTDB14B7FC003044', 'gCPlateTyp': u'02', 'SalesChannl': u'\u56fd\u4ea7', 'VehlclePrice': u'0'}
2017-03-04 12:51:49,444 - INFO - request_getdata.py[line:375] - 入库成功:苏AN0Q83|LVTDB14B7FC003044
2017-03-04 13:00:45,653 - INFO - request_getdata.py[line:58] - CPlateNo= 苏AN0Q83 是CIC续保用户 
2017-03-04 13:00:47,326 - INFO - vhlPlatform.py[line:32] - ------------------DamaTu.request.start--------------------------------
2017-03-04 13:00:50,167 - INFO - vhlPlatform.py[line:36] - ------------------DamaTu.request.end--------------------------------Y17U
2017-03-04 13:00:50,167 - INFO - vhlPlatform.py[line:51] - ------------------getCarInof.start--------------------------------
2017-03-04 13:00:50,437 - INFO - vhlPlatform.py[line:81] - cardict{'CEngNo': u'TAEM02094', 'RejectDate': u'20991231', 'color': u'\u68d5', 'CFstRegYm': u'2015-01-29', 'gNDisplacement': u'1.971', 'pmUseType': u'\u975e\u8425\u8fd0', 'MadeFactory': u'\u5947\u745e\u6c7d\u8f66\u80a1\u4efd\u6709\u9650\u516c\u53f8', 'IneffectualDate': u'20170131', 'EngineType': u'\u6c7d\u6cb9', 'gCBrandId': u'\u5947\u745e\u724c', 'Haulage': u'0', 'RImportFlag': u'\u516d\u5ea7\u4ee5\u4e0b\u5ba2\u8f66', 'gCPlateNo': u'\u82cfAN0Q83', 'LastCheckDate': u'20150129', 'status': u'\u903e\u671f\u672a\u68c0\u9a8c', 'gNSeatNum': u'5', 'NCurbWt': u'1.495', 'useType': u'', 'RVehlcleTonnage': u'0.0', 'TransferDate': u'', 'gCNoticeType': u'SQR6451T217', 'gCRegVhlTyp': u'K31', 'BrandEN': u'', 'hCAppNme': u'\u718a\u98de', 'gCFrmNo': u'LVTDB14B7FC003044', 'gCPlateTyp': u'02', 'SalesChannl': u'\u56fd\u4ea7', 'VehlclePrice': u'0'}
2017-03-04 13:00:57,546 - INFO - request_getdata.py[line:375] - 入库成功:苏AN0Q83|LVTDB14B7FC003044
2017-03-04 13:03:59,500 - INFO - request_getdata.py[line:58] - CPlateNo= 苏AN0Q83 是CIC续保用户 
2017-03-04 13:04:02,035 - INFO - vhlPlatform.py[line:32] - ------------------DamaTu.request.start--------------------------------
2017-03-04 13:04:05,278 - INFO - vhlPlatform.py[line:36] - ------------------DamaTu.request.end--------------------------------BRCQ
2017-03-04 13:04:05,278 - INFO - vhlPlatform.py[line:51] - ------------------getCarInof.start--------------------------------
2017-03-04 13:04:07,663 - INFO - vhlPlatform.py[line:81] - cardict{'CEngNo': u'TAEM02094', 'RejectDate': u'20991231', 'color': u'\u68d5', 'CFstRegYm': u'2015-01-29', 'gNDisplacement': u'1.971', 'pmUseType': u'\u975e\u8425\u8fd0', 'MadeFactory': u'\u5947\u745e\u6c7d\u8f66\u80a1\u4efd\u6709\u9650\u516c\u53f8', 'IneffectualDate': u'20170131', 'EngineType': u'\u6c7d\u6cb9', 'gCBrandId': u'\u5947\u745e\u724c', 'Haulage': u'0', 'RImportFlag': u'\u516d\u5ea7\u4ee5\u4e0b\u5ba2\u8f66', 'gCPlateNo': u'\u82cfAN0Q83', 'LastCheckDate': u'20150129', 'status': u'\u903e\u671f\u672a\u68c0\u9a8c', 'gNSeatNum': u'5', 'NCurbWt': u'1.495', 'useType': u'', 'RVehlcleTonnage': u'0.0', 'TransferDate': u'', 'gCNoticeType': u'SQR6451T217', 'gCRegVhlTyp': u'K31', 'BrandEN': u'', 'hCAppNme': u'\u718a\u98de', 'gCFrmNo': u'LVTDB14B7FC003044', 'gCPlateTyp': u'02', 'SalesChannl': u'\u56fd\u4ea7', 'VehlclePrice': u'0'}
2017-03-04 13:04:11,124 - ERROR - request_getdata.py[line:380] - 车架号：LVTDB14B7FC003044,错误信息报价失败!校验险别信息错误：【险别[车身划痕损失险]必须先投对应主险[机动车损失保险]】【险别[不计免赔险（车身划痕损失险）]必须先投对应主险[机动车损失保险]】:
2017-03-04 13:07:51,440 - INFO - request_getdata.py[line:58] - CPlateNo= 苏AN0Q83 是CIC续保用户 
2017-03-04 13:07:53,826 - INFO - vhlPlatform.py[line:32] - ------------------DamaTu.request.start--------------------------------
2017-03-04 13:07:57,802 - INFO - vhlPlatform.py[line:36] - ------------------DamaTu.request.end--------------------------------QAJ9
2017-03-04 13:07:57,802 - INFO - vhlPlatform.py[line:51] - ------------------getCarInof.start--------------------------------
2017-03-04 13:07:58,012 - INFO - vhlPlatform.py[line:32] - ------------------DamaTu.request.start--------------------------------
2017-03-04 13:08:01,892 - INFO - vhlPlatform.py[line:36] - ------------------DamaTu.request.end--------------------------------Z4UJ
2017-03-04 13:08:02,148 - INFO - vhlPlatform.py[line:77] - cic code SUCESS 
2017-03-04 13:08:02,158 - INFO - vhlPlatform.py[line:81] - cardict{'CEngNo': u'TAEM02094', 'RejectDate': u'20991231', 'color': u'\u68d5', 'CFstRegYm': u'2015-01-29', 'gNDisplacement': u'1.971', 'pmUseType': u'\u975e\u8425\u8fd0', 'MadeFactory': u'\u5947\u745e\u6c7d\u8f66\u80a1\u4efd\u6709\u9650\u516c\u53f8', 'IneffectualDate': u'20170131', 'EngineType': u'\u6c7d\u6cb9', 'gCBrandId': u'\u5947\u745e\u724c', 'Haulage': u'0', 'RImportFlag': u'\u516d\u5ea7\u4ee5\u4e0b\u5ba2\u8f66', 'gCPlateNo': u'\u82cfAN0Q83', 'LastCheckDate': u'20150129', 'status': u'\u903e\u671f\u672a\u68c0\u9a8c', 'gNSeatNum': u'5', 'NCurbWt': u'1.495', 'useType': u'', 'RVehlcleTonnage': u'0.0', 'TransferDate': u'', 'gCNoticeType': u'SQR6451T217', 'gCRegVhlTyp': u'K31', 'BrandEN': u'', 'hCAppNme': u'\u718a\u98de', 'gCFrmNo': u'LVTDB14B7FC003044', 'gCPlateTyp': u'02', 'SalesChannl': u'\u56fd\u4ea7', 'VehlclePrice': u'0'}
2017-03-04 13:09:51,506 - INFO - request_getdata.py[line:58] - CPlateNo= 苏AN0Q83 是CIC续保用户 
2017-03-04 13:09:56,384 - INFO - vhlPlatform.py[line:32] - ------------------DamaTu.request.start--------------------------------
2017-03-04 13:09:59,821 - INFO - vhlPlatform.py[line:36] - ------------------DamaTu.request.end--------------------------------79XZ
2017-03-04 13:09:59,822 - INFO - vhlPlatform.py[line:51] - ------------------getCarInof.start--------------------------------
2017-03-04 13:10:00,331 - INFO - vhlPlatform.py[line:81] - cardict{'CEngNo': u'TAEM02094', 'RejectDate': u'20991231', 'color': u'\u68d5', 'CFstRegYm': u'2015-01-29', 'gNDisplacement': u'1.971', 'pmUseType': u'\u975e\u8425\u8fd0', 'MadeFactory': u'\u5947\u745e\u6c7d\u8f66\u80a1\u4efd\u6709\u9650\u516c\u53f8', 'IneffectualDate': u'20170131', 'EngineType': u'\u6c7d\u6cb9', 'gCBrandId': u'\u5947\u745e\u724c', 'Haulage': u'0', 'RImportFlag': u'\u516d\u5ea7\u4ee5\u4e0b\u5ba2\u8f66', 'gCPlateNo': u'\u82cfAN0Q83', 'LastCheckDate': u'20150129', 'status': u'\u903e\u671f\u672a\u68c0\u9a8c', 'gNSeatNum': u'5', 'NCurbWt': u'1.495', 'useType': u'', 'RVehlcleTonnage': u'0.0', 'TransferDate': u'', 'gCNoticeType': u'SQR6451T217', 'gCRegVhlTyp': u'K31', 'BrandEN': u'', 'hCAppNme': u'\u718a\u98de', 'gCFrmNo': u'LVTDB14B7FC003044', 'gCPlateTyp': u'02', 'SalesChannl': u'\u56fd\u4ea7', 'VehlclePrice': u'0'}
2017-03-04 14:54:24,239 - INFO - request_getdata.py[line:58] - CPlateNo= 苏AN0Q83 是CIC续保用户 
2017-03-04 14:54:25,967 - INFO - vhlPlatform.py[line:32] - ------------------DamaTu.request.start--------------------------------
2017-03-04 14:54:32,415 - INFO - vhlPlatform.py[line:36] - ------------------DamaTu.request.end--------------------------------U32M
2017-03-04 14:54:32,415 - INFO - vhlPlatform.py[line:51] - ------------------getCarInof.start--------------------------------
2017-03-04 14:54:34,059 - INFO - vhlPlatform.py[line:81] - cardict{'CEngNo': u'TAEM02094', 'RejectDate': u'20991231', 'color': u'\u68d5', 'CFstRegYm': u'2015-01-29', 'gNDisplacement': u'1.971', 'pmUseType': u'\u975e\u8425\u8fd0', 'MadeFactory': u'\u5947\u745e\u6c7d\u8f66\u80a1\u4efd\u6709\u9650\u516c\u53f8', 'IneffectualDate': u'20170131', 'EngineType': u'\u6c7d\u6cb9', 'gCBrandId': u'\u5947\u745e\u724c', 'Haulage': u'0', 'RImportFlag': u'\u516d\u5ea7\u4ee5\u4e0b\u5ba2\u8f66', 'gCPlateNo': u'\u82cfAN0Q83', 'LastCheckDate': u'20150129', 'status': u'\u903e\u671f\u672a\u68c0\u9a8c', 'gNSeatNum': u'5', 'NCurbWt': u'1.495', 'useType': u'', 'RVehlcleTonnage': u'0.0', 'TransferDate': u'', 'gCNoticeType': u'SQR6451T217', 'gCRegVhlTyp': u'K31', 'BrandEN': u'', 'hCAppNme': u'\u718a\u98de', 'gCFrmNo': u'LVTDB14B7FC003044', 'gCPlateTyp': u'02', 'SalesChannl': u'\u56fd\u4ea7', 'VehlclePrice': u'0'}
2017-03-04 14:54:42,255 - INFO - request_getdata.py[line:377] - 入库成功:苏AN0Q83|LVTDB14B7FC003044
2017-03-04 14:58:06,276 - INFO - request_getdata.py[line:58] - CPlateNo= 苏AN0Q83 是CIC续保用户 
2017-03-04 14:58:08,043 - INFO - vhlPlatform.py[line:32] - ------------------DamaTu.request.start--------------------------------
2017-03-04 14:58:12,048 - INFO - vhlPlatform.py[line:36] - ------------------DamaTu.request.end--------------------------------GZFR
2017-03-04 14:58:12,049 - INFO - vhlPlatform.py[line:51] - ------------------getCarInof.start--------------------------------
2017-03-04 14:58:12,280 - INFO - vhlPlatform.py[line:81] - cardict{'CEngNo': u'TAEM02094', 'RejectDate': u'20991231', 'color': u'\u68d5', 'CFstRegYm': u'2015-01-29', 'gNDisplacement': u'1.971', 'pmUseType': u'\u975e\u8425\u8fd0', 'MadeFactory': u'\u5947\u745e\u6c7d\u8f66\u80a1\u4efd\u6709\u9650\u516c\u53f8', 'IneffectualDate': u'20170131', 'EngineType': u'\u6c7d\u6cb9', 'gCBrandId': u'\u5947\u745e\u724c', 'Haulage': u'0', 'RImportFlag': u'\u516d\u5ea7\u4ee5\u4e0b\u5ba2\u8f66', 'gCPlateNo': u'\u82cfAN0Q83', 'LastCheckDate': u'20150129', 'status': u'\u903e\u671f\u672a\u68c0\u9a8c', 'gNSeatNum': u'5', 'NCurbWt': u'1.495', 'useType': u'', 'RVehlcleTonnage': u'0.0', 'TransferDate': u'', 'gCNoticeType': u'SQR6451T217', 'gCRegVhlTyp': u'K31', 'BrandEN': u'', 'hCAppNme': u'\u718a\u98de', 'gCFrmNo': u'LVTDB14B7FC003044', 'gCPlateTyp': u'02', 'SalesChannl': u'\u56fd\u4ea7', 'VehlclePrice': u'0'}
2017-03-04 14:58:19,703 - INFO - request_getdata.py[line:377] - 入库成功:苏AN0Q83|LVTDB14B7FC003044
2017-03-04 14:59:30,914 - INFO - request_getdata.py[line:58] - CPlateNo= 苏AN0Q83 是CIC续保用户 
2017-03-04 15:38:22,687 - INFO - request_getdata.py[line:58] - CPlateNo= 苏AN0Q83 是CIC续保用户 
2017-03-04 15:39:27,471 - INFO - request_getdata.py[line:58] - CPlateNo= 苏AN0Q83 是CIC续保用户 
2017-03-04 17:06:21,467 - INFO - request_getdata.py[line:58] - CPlateNo= 苏AN0Q83 是CIC续保用户 
2017-03-04 17:11:33,828 - INFO - request_getdata.py[line:58] - CPlateNo= 苏AN0Q83 是CIC续保用户 
2017-03-04 17:13:39,986 - INFO - request_getdata.py[line:58] - CPlateNo= 苏AN0Q83 是CIC续保用户 
2017-03-04 17:16:43,099 - INFO - request_getdata.py[line:58] - CPlateNo= 苏AN0Q83 是CIC续保用户 
2017-03-04 17:21:10,660 - INFO - request_getdata.py[line:58] - CPlateNo= 苏AN0Q83 是CIC续保用户 
2017-03-04 17:29:50,559 - INFO - request_getdata.py[line:58] - CPlateNo= 苏AN0Q83 是CIC续保用户 
2017-03-04 17:33:01,509 - INFO - request_getdata.py[line:58] - CPlateNo= 苏AN0Q83 是CIC续保用户 
2017-03-04 17:36:39,815 - INFO - request_getdata.py[line:58] - CPlateNo= 苏AN0Q83 是CIC续保用户 
2017-03-04 17:39:15,207 - INFO - request_getdata.py[line:58] - CPlateNo= 苏AN0Q83 是CIC续保用户 
2017-03-04 17:43:49,256 - INFO - request_getdata.py[line:58] - CPlateNo= 苏AN0Q83 是CIC续保用户 
2017-03-04 17:47:08,279 - INFO - request_getdata.py[line:58] - CPlateNo= 苏AN0Q83 是CIC续保用户 
2017-03-04 17:49:01,053 - INFO - request_getdata.py[line:58] - CPlateNo= 苏AN0Q83 是CIC续保用户 
2017-03-04 17:50:31,283 - INFO - request_getdata.py[line:58] - CPlateNo= 苏AN0Q83 是CIC续保用户 
2017-03-04 18:25:38,046 - INFO - request_getdata.py[line:58] - CPlateNo= 苏AN0Q83 是CIC续保用户 
2017-03-04 18:26:31,821 - INFO - request_getdata.py[line:58] - CPlateNo= 苏AN0Q83 是CIC续保用户 
2017-03-04 18:27:35,608 - INFO - request_getdata.py[line:58] - CPlateNo= 苏AN0Q83 是CIC续保用户 
2017-03-04 18:30:27,586 - INFO - request_getdata.py[line:58] - CPlateNo= 苏AN0Q83 是CIC续保用户 
2017-03-04 18:34:18,318 - INFO - request_getdata.py[line:58] - CPlateNo= 苏AN0Q83 是CIC续保用户 
2017-03-04 18:39:35,750 - INFO - request_getdata.py[line:58] - CPlateNo= 苏AN0Q83 是CIC续保用户 
2017-03-04 18:39:55,601 - INFO - request_getdata.py[line:58] - CPlateNo= 苏AN0Q83 是CIC续保用户 
2017-03-04 18:53:17,507 - INFO - request_getdata.py[line:58] - CPlateNo= 苏AN0Q83 是CIC续保用户 
2017-03-05 12:12:26,313 - INFO - request_getdata.py[line:58] - CPlateNo= 苏AN0Q83 是CIC续保用户 
2017-03-05 12:19:48,045 - INFO - request_getdata.py[line:58] - CPlateNo= 苏AN0Q83 是CIC续保用户 
2017-03-05 13:34:41,489 - INFO - request_getdata.py[line:58] - CPlateNo= 苏AN0Q83 是CIC续保用户 
2017-03-05 13:37:04,213 - INFO - request_getdata.py[line:58] - CPlateNo= 苏AN0Q83 是CIC续保用户 
2017-03-05 13:56:09,859 - INFO - request_getdata.py[line:58] - CPlateNo= 苏AN0Q83 是CIC续保用户 
2017-03-05 13:56:46,846 - INFO - request_getdata.py[line:58] - CPlateNo= 苏AN0Q83 是CIC续保用户 
2017-03-05 14:57:58,312 - INFO - request_getdata.py[line:58] - CPlateNo= 苏AN0Q83 是CIC续保用户 
2017-03-05 14:59:32,516 - INFO - request_getdata.py[line:58] - CPlateNo= 苏AN0Q83 是CIC续保用户 
2017-03-05 15:00:34,759 - INFO - request_getdata.py[line:58] - CPlateNo= 苏AN0Q83 是CIC续保用户 
2017-03-05 15:03:36,782 - INFO - request_getdata.py[line:58] - CPlateNo= 苏AN0Q83 是CIC续保用户 
2017-03-05 15:03:39,332 - INFO - vhlPlatform.py[line:32] - ------------------DamaTu.request.start--------------------------------
2017-03-05 15:03:43,401 - INFO - vhlPlatform.py[line:36] - ------------------DamaTu.request.end--------------------------------JRKZ
2017-03-05 15:03:43,401 - INFO - vhlPlatform.py[line:51] - ------------------getCarInof.start--------------------------------
2017-03-05 15:03:43,680 - INFO - vhlPlatform.py[line:81] - cardict{'CEngNo': u'TAEM02094', 'RejectDate': u'20991231', 'color': u'\u68d5', 'CFstRegYm': u'2015-01-29', 'gNDisplacement': u'1.971', 'pmUseType': u'\u975e\u8425\u8fd0', 'MadeFactory': u'\u5947\u745e\u6c7d\u8f66\u80a1\u4efd\u6709\u9650\u516c\u53f8', 'IneffectualDate': u'20170131', 'EngineType': u'\u6c7d\u6cb9', 'gCBrandId': u'\u5947\u745e\u724c', 'Haulage': u'0', 'RImportFlag': u'\u516d\u5ea7\u4ee5\u4e0b\u5ba2\u8f66', 'gCPlateNo': u'\u82cfAN0Q83', 'LastCheckDate': u'20150129', 'status': u'\u903e\u671f\u672a\u68c0\u9a8c', 'gNSeatNum': u'5', 'NCurbWt': u'1.495', 'useType': u'', 'RVehlcleTonnage': u'0.0', 'TransferDate': u'', 'gCNoticeType': u'SQR6451T217', 'gCRegVhlTyp': u'K31', 'BrandEN': u'', 'hCAppNme': u'\u718a\u98de', 'gCFrmNo': u'LVTDB14B7FC003044', 'gCPlateTyp': u'02', 'SalesChannl': u'\u56fd\u4ea7', 'VehlclePrice': u'0'}
2017-03-05 15:03:50,841 - INFO - request_getdata.py[line:377] - 入库成功:苏AN0Q83|LVTDB14B7FC003044
2017-03-06 09:18:28,108 - INFO - login.py[line:38] - login sucess <requests.sessions.Session object at 0x0000000006456C18> 
2017-03-06 09:19:11,188 - INFO - login.py[line:38] - login sucess <requests.sessions.Session object at 0x0000000003276240> 
2017-03-06 11:06:39,575 - INFO - login.py[line:38] - login sucess <requests.sessions.Session object at 0x000000000737B3C8> 
2017-03-06 11:10:39,674 - INFO - login.py[line:38] - login sucess <requests.sessions.Session object at 0x0000000007665668> 
2017-03-06 11:10:54,967 - INFO - login.py[line:38] - login sucess <requests.sessions.Session object at 0x000000000767BE80> 
2017-03-06 11:19:07,088 - INFO - login.py[line:38] - login sucess <requests.sessions.Session object at 0x0000000007751BE0> 
2017-03-06 11:22:11,125 - INFO - login.py[line:38] - login sucess <requests.sessions.Session object at 0x00000000077D85F8> 
2017-03-06 13:34:57,654 - INFO - login.py[line:38] - login sucess <requests.sessions.Session object at 0x000000000783CE80> 
2017-03-06 13:36:41,187 - INFO - login.py[line:38] - login sucess <requests.sessions.Session object at 0x0000000003346240> 
2017-03-06 14:35:29,835 - INFO - login.py[line:38] - login sucess <requests.sessions.Session object at 0x000000000631B940> 
2017-03-06 14:35:57,282 - INFO - login.py[line:38] - login sucess <requests.sessions.Session object at 0x0000000003219240> 
2017-03-06 15:15:24,052 - INFO - vhlPlatform.py[line:32] - ------------------DamaTu.request.start--------------------------------
2017-03-06 15:15:28,302 - INFO - vhlPlatform.py[line:36] - ------------------DamaTu.request.end--------------------------------JD6Q
2017-03-06 15:15:28,303 - INFO - vhlPlatform.py[line:51] - ------------------getCarInof.start--------------------------------
2017-03-06 15:15:28,918 - INFO - vhlPlatform.py[line:81] - cardict{'CEngNo': u'EW606024', 'RejectDate': u'20991231', 'color': u'\u767d', 'CFstRegYm': u'2014-12-30', 'gNDisplacement': u'1.999', 'pmUseType': u'\u975e\u8425\u8fd0', 'MadeFactory': u'\u5317\u4eac\u73b0\u4ee3\u6c7d\u8f66\u6709\u9650\u516c\u53f8', 'IneffectualDate': u'20161231', 'EngineType': u'\u6c7d\u6cb9', 'gCBrandId': u'\u5317\u4eac\u73b0\u4ee3\u724c', 'Haulage': u'0', 'RImportFlag': u'\u516d\u5ea7\u4ee5\u4e0b\u5ba2\u8f66', 'gCPlateNo': u'\u82cfAB1P05', 'LastCheckDate': u'', 'status': u'GQ', 'gNSeatNum': u'5', 'NCurbWt': u'1.423', 'useType': u'', 'RVehlcleTonnage': u'0.0', 'TransferDate': u'', 'gCNoticeType': u'BH6440LAY', 'gCRegVhlTyp': u'K31', 'BrandEN': u'', 'hCAppNme': u'\u80e1\u79c0\u5170', 'gCFrmNo': u'LBELMBKC0EY555590', 'gCPlateTyp': u'02', 'SalesChannl': u'\u56fd\u4ea7', 'VehlclePrice': u'0'}
2017-03-06 15:15:51,243 - ERROR - request_getdata.py[line:386] - 车架号：LBELMBKC0EY555590,错误信息报价失败!车险平台返回信息 车牌号“苏AB1P05”的保单发生重复投保，与其重复投保的其它公司的保单信息如下：车架号 LBELMBKC0EY555590;发动机号 EW606024。*:
2017-03-06 15:18:31,466 - INFO - request_getdata.py[line:58] - CPlateNo= 苏AN0Q83 是CIC续保用户 
2017-03-06 15:18:39,309 - INFO - vhlPlatform.py[line:32] - ------------------DamaTu.request.start--------------------------------
2017-03-06 15:18:43,690 - INFO - vhlPlatform.py[line:36] - ------------------DamaTu.request.end--------------------------------LYCA
2017-03-06 15:18:43,690 - INFO - vhlPlatform.py[line:51] - ------------------getCarInof.start--------------------------------
2017-03-06 15:18:43,983 - INFO - vhlPlatform.py[line:81] - cardict{'CEngNo': u'TAEM02094', 'RejectDate': u'20991231', 'color': u'\u68d5', 'CFstRegYm': u'2015-01-29', 'gNDisplacement': u'1.971', 'pmUseType': u'\u975e\u8425\u8fd0', 'MadeFactory': u'\u5947\u745e\u6c7d\u8f66\u80a1\u4efd\u6709\u9650\u516c\u53f8', 'IneffectualDate': u'20170131', 'EngineType': u'\u6c7d\u6cb9', 'gCBrandId': u'\u5947\u745e\u724c', 'Haulage': u'0', 'RImportFlag': u'\u516d\u5ea7\u4ee5\u4e0b\u5ba2\u8f66', 'gCPlateNo': u'\u82cfAN0Q83', 'LastCheckDate': u'20150129', 'status': u'\u903e\u671f\u672a\u68c0\u9a8c', 'gNSeatNum': u'5', 'NCurbWt': u'1.495', 'useType': u'', 'RVehlcleTonnage': u'0.0', 'TransferDate': u'', 'gCNoticeType': u'SQR6451T217', 'gCRegVhlTyp': u'K31', 'BrandEN': u'', 'hCAppNme': u'\u718a\u98de', 'gCFrmNo': u'LVTDB14B7FC003044', 'gCPlateTyp': u'02', 'SalesChannl': u'\u56fd\u4ea7', 'VehlclePrice': u'0'}
2017-03-06 15:18:53,328 - INFO - request_getdata.py[line:381] - 入库成功:苏AN0Q83|LVTDB14B7FC003044
2017-03-06 15:23:40,506 - INFO - request_getdata.py[line:58] - CPlateNo= 苏AN0Q83 是CIC续保用户 
2017-03-06 15:23:50,147 - INFO - vhlPlatform.py[line:32] - ------------------DamaTu.request.start--------------------------------
2017-03-06 15:23:52,532 - INFO - vhlPlatform.py[line:36] - ------------------DamaTu.request.end--------------------------------XNE3
2017-03-06 15:23:52,532 - INFO - vhlPlatform.py[line:51] - ------------------getCarInof.start--------------------------------
2017-03-06 15:23:52,828 - INFO - vhlPlatform.py[line:81] - cardict{'CEngNo': u'TAEM02094', 'RejectDate': u'20991231', 'color': u'\u68d5', 'CFstRegYm': u'2015-01-29', 'gNDisplacement': u'1.971', 'pmUseType': u'\u975e\u8425\u8fd0', 'MadeFactory': u'\u5947\u745e\u6c7d\u8f66\u80a1\u4efd\u6709\u9650\u516c\u53f8', 'IneffectualDate': u'20170131', 'EngineType': u'\u6c7d\u6cb9', 'gCBrandId': u'\u5947\u745e\u724c', 'Haulage': u'0', 'RImportFlag': u'\u516d\u5ea7\u4ee5\u4e0b\u5ba2\u8f66', 'gCPlateNo': u'\u82cfAN0Q83', 'LastCheckDate': u'20150129', 'status': u'\u903e\u671f\u672a\u68c0\u9a8c', 'gNSeatNum': u'5', 'NCurbWt': u'1.495', 'useType': u'', 'RVehlcleTonnage': u'0.0', 'TransferDate': u'', 'gCNoticeType': u'SQR6451T217', 'gCRegVhlTyp': u'K31', 'BrandEN': u'', 'hCAppNme': u'\u718a\u98de', 'gCFrmNo': u'LVTDB14B7FC003044', 'gCPlateTyp': u'02', 'SalesChannl': u'\u56fd\u4ea7', 'VehlclePrice': u'0'}
2017-03-06 15:24:01,325 - INFO - request_getdata.py[line:381] - 入库成功:苏AN0Q83|LVTDB14B7FC003044
2017-03-06 15:33:58,081 - INFO - request_getdata.py[line:58] - CPlateNo= 苏AN0Q83 是CIC续保用户 
2017-03-06 15:34:01,032 - INFO - vhlPlatform.py[line:32] - ------------------DamaTu.request.start--------------------------------
2017-03-06 15:34:05,555 - INFO - vhlPlatform.py[line:36] - ------------------DamaTu.request.end--------------------------------LGQ2
2017-03-06 15:34:05,555 - INFO - vhlPlatform.py[line:51] - ------------------getCarInof.start--------------------------------
2017-03-06 15:34:06,052 - INFO - vhlPlatform.py[line:81] - cardict{'CEngNo': u'TAEM02094', 'RejectDate': u'20991231', 'color': u'\u68d5', 'CFstRegYm': u'2015-01-29', 'gNDisplacement': u'1.971', 'pmUseType': u'\u975e\u8425\u8fd0', 'MadeFactory': u'\u5947\u745e\u6c7d\u8f66\u80a1\u4efd\u6709\u9650\u516c\u53f8', 'IneffectualDate': u'20170131', 'EngineType': u'\u6c7d\u6cb9', 'gCBrandId': u'\u5947\u745e\u724c', 'Haulage': u'0', 'RImportFlag': u'\u516d\u5ea7\u4ee5\u4e0b\u5ba2\u8f66', 'gCPlateNo': u'\u82cfAN0Q83', 'LastCheckDate': u'20150129', 'status': u'\u903e\u671f\u672a\u68c0\u9a8c', 'gNSeatNum': u'5', 'NCurbWt': u'1.495', 'useType': u'', 'RVehlcleTonnage': u'0.0', 'TransferDate': u'', 'gCNoticeType': u'SQR6451T217', 'gCRegVhlTyp': u'K31', 'BrandEN': u'', 'hCAppNme': u'\u718a\u98de', 'gCFrmNo': u'LVTDB14B7FC003044', 'gCPlateTyp': u'02', 'SalesChannl': u'\u56fd\u4ea7', 'VehlclePrice': u'0'}
2017-03-06 15:34:14,563 - INFO - request_getdata.py[line:381] - 入库成功:苏AN0Q83|LVTDB14B7FC003044
2017-03-06 15:37:47,918 - INFO - request_getdata.py[line:58] - CPlateNo= 苏AN0Q83 是CIC续保用户 
2017-03-06 15:37:50,680 - INFO - vhlPlatform.py[line:32] - ------------------DamaTu.request.start--------------------------------
2017-03-06 15:40:35,040 - INFO - request_getdata.py[line:58] - CPlateNo= 苏AN0Q83 是CIC续保用户 
2017-03-06 15:40:41,819 - INFO - vhlPlatform.py[line:32] - ------------------DamaTu.request.start--------------------------------
2017-03-06 15:40:44,822 - INFO - vhlPlatform.py[line:36] - ------------------DamaTu.request.end--------------------------------HAXB
2017-03-06 15:40:44,822 - INFO - vhlPlatform.py[line:51] - ------------------getCarInof.start--------------------------------
2017-03-06 15:40:45,378 - INFO - vhlPlatform.py[line:81] - cardict{'CEngNo': u'TAEM02094', 'RejectDate': u'20991231', 'color': u'\u68d5', 'CFstRegYm': u'2015-01-29', 'gNDisplacement': u'1.971', 'pmUseType': u'\u975e\u8425\u8fd0', 'MadeFactory': u'\u5947\u745e\u6c7d\u8f66\u80a1\u4efd\u6709\u9650\u516c\u53f8', 'IneffectualDate': u'20170131', 'EngineType': u'\u6c7d\u6cb9', 'gCBrandId': u'\u5947\u745e\u724c', 'Haulage': u'0', 'RImportFlag': u'\u516d\u5ea7\u4ee5\u4e0b\u5ba2\u8f66', 'gCPlateNo': u'\u82cfAN0Q83', 'LastCheckDate': u'20150129', 'status': u'\u903e\u671f\u672a\u68c0\u9a8c', 'gNSeatNum': u'5', 'NCurbWt': u'1.495', 'useType': u'', 'RVehlcleTonnage': u'0.0', 'TransferDate': u'', 'gCNoticeType': u'SQR6451T217', 'gCRegVhlTyp': u'K31', 'BrandEN': u'', 'hCAppNme': u'\u718a\u98de', 'gCFrmNo': u'LVTDB14B7FC003044', 'gCPlateTyp': u'02', 'SalesChannl': u'\u56fd\u4ea7', 'VehlclePrice': u'0'}
2017-03-06 15:40:55,344 - INFO - request_getdata.py[line:381] - 入库成功:苏AN0Q83|LVTDB14B7FC003044
2017-03-06 15:49:10,967 - INFO - request_getdata.py[line:58] - CPlateNo= 苏AN0Q83 是CIC续保用户 
2017-03-06 15:49:14,334 - INFO - vhlPlatform.py[line:32] - ------------------DamaTu.request.start--------------------------------
2017-03-06 15:49:16,959 - INFO - vhlPlatform.py[line:36] - ------------------DamaTu.request.end--------------------------------KWKF
2017-03-06 15:49:16,960 - INFO - vhlPlatform.py[line:51] - ------------------getCarInof.start--------------------------------
2017-03-06 15:49:17,322 - INFO - vhlPlatform.py[line:81] - cardict{'CEngNo': u'TAEM02094', 'RejectDate': u'20991231', 'color': u'\u68d5', 'CFstRegYm': u'2015-01-29', 'gNDisplacement': u'1.971', 'pmUseType': u'\u975e\u8425\u8fd0', 'MadeFactory': u'\u5947\u745e\u6c7d\u8f66\u80a1\u4efd\u6709\u9650\u516c\u53f8', 'IneffectualDate': u'20170131', 'EngineType': u'\u6c7d\u6cb9', 'gCBrandId': u'\u5947\u745e\u724c', 'Haulage': u'0', 'RImportFlag': u'\u516d\u5ea7\u4ee5\u4e0b\u5ba2\u8f66', 'gCPlateNo': u'\u82cfAN0Q83', 'LastCheckDate': u'20150129', 'status': u'\u903e\u671f\u672a\u68c0\u9a8c', 'gNSeatNum': u'5', 'NCurbWt': u'1.495', 'useType': u'', 'RVehlcleTonnage': u'0.0', 'TransferDate': u'', 'gCNoticeType': u'SQR6451T217', 'gCRegVhlTyp': u'K31', 'BrandEN': u'', 'hCAppNme': u'\u718a\u98de', 'gCFrmNo': u'LVTDB14B7FC003044', 'gCPlateTyp': u'02', 'SalesChannl': u'\u56fd\u4ea7', 'VehlclePrice': u'0'}
2017-03-06 15:49:25,086 - INFO - request_getdata.py[line:381] - 入库成功:苏AN0Q83|LVTDB14B7FC003044
2017-03-06 15:50:10,516 - INFO - request_getdata.py[line:58] - CPlateNo= 苏AN0Q83 是CIC续保用户 
2017-03-06 15:50:13,434 - INFO - vhlPlatform.py[line:32] - ------------------DamaTu.request.start--------------------------------
2017-03-06 15:50:17,446 - INFO - vhlPlatform.py[line:36] - ------------------DamaTu.request.end--------------------------------BXWH
2017-03-06 15:50:17,447 - INFO - vhlPlatform.py[line:51] - ------------------getCarInof.start--------------------------------
2017-03-06 15:50:17,710 - INFO - vhlPlatform.py[line:81] - cardict{'CEngNo': u'TAEM02094', 'RejectDate': u'20991231', 'color': u'\u68d5', 'CFstRegYm': u'2015-01-29', 'gNDisplacement': u'1.971', 'pmUseType': u'\u975e\u8425\u8fd0', 'MadeFactory': u'\u5947\u745e\u6c7d\u8f66\u80a1\u4efd\u6709\u9650\u516c\u53f8', 'IneffectualDate': u'20170131', 'EngineType': u'\u6c7d\u6cb9', 'gCBrandId': u'\u5947\u745e\u724c', 'Haulage': u'0', 'RImportFlag': u'\u516d\u5ea7\u4ee5\u4e0b\u5ba2\u8f66', 'gCPlateNo': u'\u82cfAN0Q83', 'LastCheckDate': u'20150129', 'status': u'\u903e\u671f\u672a\u68c0\u9a8c', 'gNSeatNum': u'5', 'NCurbWt': u'1.495', 'useType': u'', 'RVehlcleTonnage': u'0.0', 'TransferDate': u'', 'gCNoticeType': u'SQR6451T217', 'gCRegVhlTyp': u'K31', 'BrandEN': u'', 'hCAppNme': u'\u718a\u98de', 'gCFrmNo': u'LVTDB14B7FC003044', 'gCPlateTyp': u'02', 'SalesChannl': u'\u56fd\u4ea7', 'VehlclePrice': u'0'}
2017-03-06 15:50:25,483 - INFO - request_getdata.py[line:381] - 入库成功:苏AN0Q83|LVTDB14B7FC003044
2017-03-06 15:52:39,078 - INFO - request_getdata.py[line:58] - CPlateNo= 苏AN0Q83 是CIC续保用户 
2017-03-06 15:52:41,855 - INFO - vhlPlatform.py[line:32] - ------------------DamaTu.request.start--------------------------------
2017-03-06 15:52:46,145 - INFO - vhlPlatform.py[line:36] - ------------------DamaTu.request.end--------------------------------6F1A
2017-03-06 15:52:46,147 - INFO - vhlPlatform.py[line:51] - ------------------getCarInof.start--------------------------------
2017-03-06 15:52:46,351 - INFO - vhlPlatform.py[line:81] - cardict{'CEngNo': u'TAEM02094', 'RejectDate': u'20991231', 'color': u'\u68d5', 'CFstRegYm': u'2015-01-29', 'gNDisplacement': u'1.971', 'pmUseType': u'\u975e\u8425\u8fd0', 'MadeFactory': u'\u5947\u745e\u6c7d\u8f66\u80a1\u4efd\u6709\u9650\u516c\u53f8', 'IneffectualDate': u'20170131', 'EngineType': u'\u6c7d\u6cb9', 'gCBrandId': u'\u5947\u745e\u724c', 'Haulage': u'0', 'RImportFlag': u'\u516d\u5ea7\u4ee5\u4e0b\u5ba2\u8f66', 'gCPlateNo': u'\u82cfAN0Q83', 'LastCheckDate': u'20150129', 'status': u'\u903e\u671f\u672a\u68c0\u9a8c', 'gNSeatNum': u'5', 'NCurbWt': u'1.495', 'useType': u'', 'RVehlcleTonnage': u'0.0', 'TransferDate': u'', 'gCNoticeType': u'SQR6451T217', 'gCRegVhlTyp': u'K31', 'BrandEN': u'', 'hCAppNme': u'\u718a\u98de', 'gCFrmNo': u'LVTDB14B7FC003044', 'gCPlateTyp': u'02', 'SalesChannl': u'\u56fd\u4ea7', 'VehlclePrice': u'0'}
2017-03-06 15:52:54,703 - INFO - request_getdata.py[line:381] - 入库成功:苏AN0Q83|LVTDB14B7FC003044
2017-03-06 15:53:10,072 - INFO - request_getdata.py[line:58] - CPlateNo= 苏AN0Q83 是CIC续保用户 
2017-03-06 15:53:13,000 - INFO - vhlPlatform.py[line:32] - ------------------DamaTu.request.start--------------------------------
2017-03-06 15:53:15,444 - INFO - vhlPlatform.py[line:36] - ------------------DamaTu.request.end--------------------------------HVFX
2017-03-06 15:53:15,444 - INFO - vhlPlatform.py[line:51] - ------------------getCarInof.start--------------------------------
2017-03-06 15:53:15,921 - INFO - vhlPlatform.py[line:81] - cardict{'CEngNo': u'TAEM02094', 'RejectDate': u'20991231', 'color': u'\u68d5', 'CFstRegYm': u'2015-01-29', 'gNDisplacement': u'1.971', 'pmUseType': u'\u975e\u8425\u8fd0', 'MadeFactory': u'\u5947\u745e\u6c7d\u8f66\u80a1\u4efd\u6709\u9650\u516c\u53f8', 'IneffectualDate': u'20170131', 'EngineType': u'\u6c7d\u6cb9', 'gCBrandId': u'\u5947\u745e\u724c', 'Haulage': u'0', 'RImportFlag': u'\u516d\u5ea7\u4ee5\u4e0b\u5ba2\u8f66', 'gCPlateNo': u'\u82cfAN0Q83', 'LastCheckDate': u'20150129', 'status': u'\u903e\u671f\u672a\u68c0\u9a8c', 'gNSeatNum': u'5', 'NCurbWt': u'1.495', 'useType': u'', 'RVehlcleTonnage': u'0.0', 'TransferDate': u'', 'gCNoticeType': u'SQR6451T217', 'gCRegVhlTyp': u'K31', 'BrandEN': u'', 'hCAppNme': u'\u718a\u98de', 'gCFrmNo': u'LVTDB14B7FC003044', 'gCPlateTyp': u'02', 'SalesChannl': u'\u56fd\u4ea7', 'VehlclePrice': u'0'}
2017-03-06 15:53:23,427 - INFO - request_getdata.py[line:381] - 入库成功:苏AN0Q83|LVTDB14B7FC003044
2017-03-06 16:10:51,826 - INFO - request_getdata.py[line:58] - CPlateNo= 苏AN0Q83 是CIC续保用户 
2017-03-06 16:10:55,539 - INFO - vhlPlatform.py[line:32] - ------------------DamaTu.request.start--------------------------------
2017-03-06 16:10:57,987 - INFO - vhlPlatform.py[line:36] - ------------------DamaTu.request.end--------------------------------ABZD
2017-03-06 16:10:57,987 - INFO - vhlPlatform.py[line:51] - ------------------getCarInof.start--------------------------------
2017-03-06 16:10:58,617 - INFO - vhlPlatform.py[line:81] - cardict{'CEngNo': u'TAEM02094', 'RejectDate': u'20991231', 'color': u'\u68d5', 'CFstRegYm': u'2015-01-29', 'gNDisplacement': u'1.971', 'pmUseType': u'\u975e\u8425\u8fd0', 'MadeFactory': u'\u5947\u745e\u6c7d\u8f66\u80a1\u4efd\u6709\u9650\u516c\u53f8', 'IneffectualDate': u'20170131', 'EngineType': u'\u6c7d\u6cb9', 'gCBrandId': u'\u5947\u745e\u724c', 'Haulage': u'0', 'RImportFlag': u'\u516d\u5ea7\u4ee5\u4e0b\u5ba2\u8f66', 'gCPlateNo': u'\u82cfAN0Q83', 'LastCheckDate': u'20150129', 'status': u'\u903e\u671f\u672a\u68c0\u9a8c', 'gNSeatNum': u'5', 'NCurbWt': u'1.495', 'useType': u'', 'RVehlcleTonnage': u'0.0', 'TransferDate': u'', 'gCNoticeType': u'SQR6451T217', 'gCRegVhlTyp': u'K31', 'BrandEN': u'', 'hCAppNme': u'\u718a\u98de', 'gCFrmNo': u'LVTDB14B7FC003044', 'gCPlateTyp': u'02', 'SalesChannl': u'\u56fd\u4ea7', 'VehlclePrice': u'0'}
2017-03-06 16:11:08,451 - INFO - request_getdata.py[line:381] - 入库成功:苏AN0Q83|LVTDB14B7FC003044
2017-03-06 16:11:34,997 - INFO - request_getdata.py[line:58] - CPlateNo= 苏AN0Q83 是CIC续保用户 
2017-03-06 16:11:38,586 - INFO - vhlPlatform.py[line:32] - ------------------DamaTu.request.start--------------------------------
2017-03-06 16:13:51,960 - INFO - request_getdata.py[line:58] - CPlateNo= 苏AN0Q83 是CIC续保用户 
2017-03-06 16:13:54,325 - INFO - vhlPlatform.py[line:32] - ------------------DamaTu.request.start--------------------------------
2017-03-06 16:15:15,782 - INFO - login.py[line:38] - login sucess <requests.sessions.Session object at 0x00000000032B6240> 
2017-03-06 16:16:44,049 - INFO - request_getdata.py[line:58] - CPlateNo= 苏AN0Q83 是CIC续保用户 
2017-03-06 16:16:48,927 - INFO - vhlPlatform.py[line:32] - ------------------DamaTu.request.start--------------------------------
2017-03-06 16:16:54,907 - INFO - vhlPlatform.py[line:36] - ------------------DamaTu.request.end--------------------------------NBRJ
2017-03-06 16:16:54,907 - INFO - vhlPlatform.py[line:51] - ------------------getCarInof.start--------------------------------
2017-03-06 16:16:55,471 - INFO - vhlPlatform.py[line:81] - cardict{'CEngNo': u'TAEM02094', 'RejectDate': u'20991231', 'color': u'\u68d5', 'CFstRegYm': u'2015-01-29', 'gNDisplacement': u'1.971', 'pmUseType': u'\u975e\u8425\u8fd0', 'MadeFactory': u'\u5947\u745e\u6c7d\u8f66\u80a1\u4efd\u6709\u9650\u516c\u53f8', 'IneffectualDate': u'20170131', 'EngineType': u'\u6c7d\u6cb9', 'gCBrandId': u'\u5947\u745e\u724c', 'Haulage': u'0', 'RImportFlag': u'\u516d\u5ea7\u4ee5\u4e0b\u5ba2\u8f66', 'gCPlateNo': u'\u82cfAN0Q83', 'LastCheckDate': u'20150129', 'status': u'\u903e\u671f\u672a\u68c0\u9a8c', 'gNSeatNum': u'5', 'NCurbWt': u'1.495', 'useType': u'', 'RVehlcleTonnage': u'0.0', 'TransferDate': u'', 'gCNoticeType': u'SQR6451T217', 'gCRegVhlTyp': u'K31', 'BrandEN': u'', 'hCAppNme': u'\u718a\u98de', 'gCFrmNo': u'LVTDB14B7FC003044', 'gCPlateTyp': u'02', 'SalesChannl': u'\u56fd\u4ea7', 'VehlclePrice': u'0'}
2017-03-06 16:17:04,709 - INFO - request_getdata.py[line:381] - 入库成功:苏AN0Q83|LVTDB14B7FC003044
2017-03-06 16:28:43,107 - INFO - request_getdata.py[line:58] - CPlateNo= 苏AN0Q83 是CIC续保用户 
2017-03-06 16:28:47,286 - INFO - vhlPlatform.py[line:32] - ------------------DamaTu.request.start--------------------------------
2017-03-06 16:28:52,262 - INFO - vhlPlatform.py[line:36] - ------------------DamaTu.request.end--------------------------------ZQCF
2017-03-06 16:28:52,262 - INFO - vhlPlatform.py[line:51] - ------------------getCarInof.start--------------------------------
2017-03-06 16:28:52,298 - ERROR - vhlPlatform.py[line:86] - ('Connection aborted.', BadStatusLine("''",))
2017-03-06 16:29:19,279 - INFO - request_getdata.py[line:58] - CPlateNo= 苏AN0Q83 是CIC续保用户 
2017-03-06 16:29:26,506 - INFO - vhlPlatform.py[line:32] - ------------------DamaTu.request.start--------------------------------
2017-03-06 16:29:28,881 - INFO - vhlPlatform.py[line:36] - ------------------DamaTu.request.end--------------------------------7QY3
2017-03-06 16:29:28,882 - INFO - vhlPlatform.py[line:51] - ------------------getCarInof.start--------------------------------
2017-03-06 16:29:29,240 - INFO - vhlPlatform.py[line:81] - cardict{'CEngNo': u'TAEM02094', 'RejectDate': u'20991231', 'color': u'\u68d5', 'CFstRegYm': u'2015-01-29', 'gNDisplacement': u'1.971', 'pmUseType': u'\u975e\u8425\u8fd0', 'MadeFactory': u'\u5947\u745e\u6c7d\u8f66\u80a1\u4efd\u6709\u9650\u516c\u53f8', 'IneffectualDate': u'20170131', 'EngineType': u'\u6c7d\u6cb9', 'gCBrandId': u'\u5947\u745e\u724c', 'Haulage': u'0', 'RImportFlag': u'\u516d\u5ea7\u4ee5\u4e0b\u5ba2\u8f66', 'gCPlateNo': u'\u82cfAN0Q83', 'LastCheckDate': u'20150129', 'status': u'\u903e\u671f\u672a\u68c0\u9a8c', 'gNSeatNum': u'5', 'NCurbWt': u'1.495', 'useType': u'', 'RVehlcleTonnage': u'0.0', 'TransferDate': u'', 'gCNoticeType': u'SQR6451T217', 'gCRegVhlTyp': u'K31', 'BrandEN': u'', 'hCAppNme': u'\u718a\u98de', 'gCFrmNo': u'LVTDB14B7FC003044', 'gCPlateTyp': u'02', 'SalesChannl': u'\u56fd\u4ea7', 'VehlclePrice': u'0'}
2017-03-06 16:29:41,028 - INFO - request_getdata.py[line:381] - 入库成功:苏AN0Q83|LVTDB14B7FC003044
2017-03-06 16:30:02,740 - INFO - request_getdata.py[line:58] - CPlateNo= 苏AN0Q83 是CIC续保用户 
2017-03-06 16:30:05,875 - INFO - vhlPlatform.py[line:32] - ------------------DamaTu.request.start--------------------------------
2017-03-06 16:31:29,319 - INFO - request_getdata.py[line:58] - CPlateNo= 苏AN0Q83 是CIC续保用户 
2017-03-06 16:31:32,651 - INFO - vhlPlatform.py[line:32] - ------------------DamaTu.request.start--------------------------------
2017-03-06 16:31:39,009 - INFO - vhlPlatform.py[line:36] - ------------------DamaTu.request.end--------------------------------WFVD
2017-03-06 16:31:39,009 - INFO - vhlPlatform.py[line:51] - ------------------getCarInof.start--------------------------------
2017-03-06 16:31:39,823 - INFO - vhlPlatform.py[line:81] - cardict{'CEngNo': u'TAEM02094', 'RejectDate': u'20991231', 'color': u'\u68d5', 'CFstRegYm': u'2015-01-29', 'gNDisplacement': u'1.971', 'pmUseType': u'\u975e\u8425\u8fd0', 'MadeFactory': u'\u5947\u745e\u6c7d\u8f66\u80a1\u4efd\u6709\u9650\u516c\u53f8', 'IneffectualDate': u'20170131', 'EngineType': u'\u6c7d\u6cb9', 'gCBrandId': u'\u5947\u745e\u724c', 'Haulage': u'0', 'RImportFlag': u'\u516d\u5ea7\u4ee5\u4e0b\u5ba2\u8f66', 'gCPlateNo': u'\u82cfAN0Q83', 'LastCheckDate': u'20150129', 'status': u'\u903e\u671f\u672a\u68c0\u9a8c', 'gNSeatNum': u'5', 'NCurbWt': u'1.495', 'useType': u'', 'RVehlcleTonnage': u'0.0', 'TransferDate': u'', 'gCNoticeType': u'SQR6451T217', 'gCRegVhlTyp': u'K31', 'BrandEN': u'', 'hCAppNme': u'\u718a\u98de', 'gCFrmNo': u'LVTDB14B7FC003044', 'gCPlateTyp': u'02', 'SalesChannl': u'\u56fd\u4ea7', 'VehlclePrice': u'0'}
2017-03-06 16:31:48,884 - INFO - request_getdata.py[line:381] - 入库成功:苏AN0Q83|LVTDB14B7FC003044
2017-03-06 16:32:52,519 - INFO - request_getdata.py[line:58] - CPlateNo= 苏AN0Q83 是CIC续保用户 
2017-03-06 16:32:55,983 - INFO - vhlPlatform.py[line:32] - ------------------DamaTu.request.start--------------------------------
2017-03-06 16:33:01,602 - INFO - vhlPlatform.py[line:36] - ------------------DamaTu.request.end--------------------------------AKBR
2017-03-06 16:33:01,604 - INFO - vhlPlatform.py[line:51] - ------------------getCarInof.start--------------------------------
2017-03-06 16:33:02,312 - INFO - vhlPlatform.py[line:32] - ------------------DamaTu.request.start--------------------------------
2017-03-06 16:33:05,930 - INFO - vhlPlatform.py[line:36] - ------------------DamaTu.request.end--------------------------------EKYK
2017-03-06 16:33:06,160 - INFO - vhlPlatform.py[line:77] - cic code SUCESS 
2017-03-06 16:33:06,174 - INFO - vhlPlatform.py[line:81] - cardict{'CEngNo': u'TAEM02094', 'RejectDate': u'20991231', 'color': u'\u68d5', 'CFstRegYm': u'2015-01-29', 'gNDisplacement': u'1.971', 'pmUseType': u'\u975e\u8425\u8fd0', 'MadeFactory': u'\u5947\u745e\u6c7d\u8f66\u80a1\u4efd\u6709\u9650\u516c\u53f8', 'IneffectualDate': u'20170131', 'EngineType': u'\u6c7d\u6cb9', 'gCBrandId': u'\u5947\u745e\u724c', 'Haulage': u'0', 'RImportFlag': u'\u516d\u5ea7\u4ee5\u4e0b\u5ba2\u8f66', 'gCPlateNo': u'\u82cfAN0Q83', 'LastCheckDate': u'20150129', 'status': u'\u903e\u671f\u672a\u68c0\u9a8c', 'gNSeatNum': u'5', 'NCurbWt': u'1.495', 'useType': u'', 'RVehlcleTonnage': u'0.0', 'TransferDate': u'', 'gCNoticeType': u'SQR6451T217', 'gCRegVhlTyp': u'K31', 'BrandEN': u'', 'hCAppNme': u'\u718a\u98de', 'gCFrmNo': u'LVTDB14B7FC003044', 'gCPlateTyp': u'02', 'SalesChannl': u'\u56fd\u4ea7', 'VehlclePrice': u'0'}
2017-03-06 16:33:14,115 - INFO - request_getdata.py[line:381] - 入库成功:苏AN0Q83|LVTDB14B7FC003044
2017-03-06 16:33:32,061 - INFO - request_getdata.py[line:58] - CPlateNo= 苏AN0Q83 是CIC续保用户 
2017-03-06 16:33:35,582 - INFO - vhlPlatform.py[line:32] - ------------------DamaTu.request.start--------------------------------
2017-03-06 16:33:38,653 - INFO - vhlPlatform.py[line:36] - ------------------DamaTu.request.end--------------------------------CBOA
2017-03-06 16:33:38,653 - INFO - vhlPlatform.py[line:51] - ------------------getCarInof.start--------------------------------
2017-03-06 16:33:38,931 - INFO - vhlPlatform.py[line:81] - cardict{'CEngNo': u'TAEM02094', 'RejectDate': u'20991231', 'color': u'\u68d5', 'CFstRegYm': u'2015-01-29', 'gNDisplacement': u'1.971', 'pmUseType': u'\u975e\u8425\u8fd0', 'MadeFactory': u'\u5947\u745e\u6c7d\u8f66\u80a1\u4efd\u6709\u9650\u516c\u53f8', 'IneffectualDate': u'20170131', 'EngineType': u'\u6c7d\u6cb9', 'gCBrandId': u'\u5947\u745e\u724c', 'Haulage': u'0', 'RImportFlag': u'\u516d\u5ea7\u4ee5\u4e0b\u5ba2\u8f66', 'gCPlateNo': u'\u82cfAN0Q83', 'LastCheckDate': u'20150129', 'status': u'\u903e\u671f\u672a\u68c0\u9a8c', 'gNSeatNum': u'5', 'NCurbWt': u'1.495', 'useType': u'', 'RVehlcleTonnage': u'0.0', 'TransferDate': u'', 'gCNoticeType': u'SQR6451T217', 'gCRegVhlTyp': u'K31', 'BrandEN': u'', 'hCAppNme': u'\u718a\u98de', 'gCFrmNo': u'LVTDB14B7FC003044', 'gCPlateTyp': u'02', 'SalesChannl': u'\u56fd\u4ea7', 'VehlclePrice': u'0'}
2017-03-06 16:33:46,421 - INFO - request_getdata.py[line:381] - 入库成功:苏AN0Q83|LVTDB14B7FC003044
2017-03-06 16:34:39,812 - INFO - request_getdata.py[line:58] - CPlateNo= 苏AN0Q83 是CIC续保用户 
2017-03-06 16:34:46,533 - INFO - vhlPlatform.py[line:32] - ------------------DamaTu.request.start--------------------------------
2017-03-06 16:34:51,926 - INFO - vhlPlatform.py[line:36] - ------------------DamaTu.request.end--------------------------------E90W
2017-03-06 16:34:51,926 - INFO - vhlPlatform.py[line:51] - ------------------getCarInof.start--------------------------------
2017-03-06 16:34:52,480 - INFO - vhlPlatform.py[line:32] - ------------------DamaTu.request.start--------------------------------
2017-03-06 16:34:58,334 - INFO - vhlPlatform.py[line:36] - ------------------DamaTu.request.end--------------------------------XQK9
2017-03-06 16:34:58,665 - INFO - vhlPlatform.py[line:77] - cic code SUCESS 
2017-03-06 16:34:58,677 - INFO - vhlPlatform.py[line:81] - cardict{'CEngNo': u'TAEM02094', 'RejectDate': u'20991231', 'color': u'\u68d5', 'CFstRegYm': u'2015-01-29', 'gNDisplacement': u'1.971', 'pmUseType': u'\u975e\u8425\u8fd0', 'MadeFactory': u'\u5947\u745e\u6c7d\u8f66\u80a1\u4efd\u6709\u9650\u516c\u53f8', 'IneffectualDate': u'20170131', 'EngineType': u'\u6c7d\u6cb9', 'gCBrandId': u'\u5947\u745e\u724c', 'Haulage': u'0', 'RImportFlag': u'\u516d\u5ea7\u4ee5\u4e0b\u5ba2\u8f66', 'gCPlateNo': u'\u82cfAN0Q83', 'LastCheckDate': u'20150129', 'status': u'\u903e\u671f\u672a\u68c0\u9a8c', 'gNSeatNum': u'5', 'NCurbWt': u'1.495', 'useType': u'', 'RVehlcleTonnage': u'0.0', 'TransferDate': u'', 'gCNoticeType': u'SQR6451T217', 'gCRegVhlTyp': u'K31', 'BrandEN': u'', 'hCAppNme': u'\u718a\u98de', 'gCFrmNo': u'LVTDB14B7FC003044', 'gCPlateTyp': u'02', 'SalesChannl': u'\u56fd\u4ea7', 'VehlclePrice': u'0'}
2017-03-06 16:35:09,279 - INFO - request_getdata.py[line:381] - 入库成功:苏AN0Q83|LVTDB14B7FC003044
2017-03-06 16:43:09,367 - INFO - login.py[line:38] - login sucess <requests.sessions.Session object at 0x0000000004458E48> 
2017-03-06 16:43:25,250 - INFO - login.py[line:38] - login sucess <requests.sessions.Session object at 0x0000000003186240> 
2017-03-06 16:44:08,344 - INFO - login.py[line:38] - login sucess <requests.sessions.Session object at 0x0000000003156240> 
2017-03-06 16:44:56,989 - INFO - vhlPlatform.py[line:32] - ------------------DamaTu.request.start--------------------------------
2017-03-06 16:45:01,605 - INFO - vhlPlatform.py[line:36] - ------------------DamaTu.request.end--------------------------------ZDUV
2017-03-06 16:45:01,605 - INFO - vhlPlatform.py[line:51] - ------------------getCarInof.start--------------------------------
2017-03-06 16:45:01,898 - INFO - vhlPlatform.py[line:81] - cardict{'CEngNo': u'GM9594', 'RejectDate': u'20991231', 'color': u'\u767d', 'CFstRegYm': u'2016-05-03', 'gNDisplacement': u'1.598', 'pmUseType': u'\u975e\u8425\u8fd0', 'MadeFactory': u'\u4e00\u6c7d-\u5927\u4f17\u6c7d\u8f66\u6709\u9650\u516c\u53f8', 'IneffectualDate': u'20180531', 'EngineType': u'\u6c7d\u6cb9', 'gCBrandId': u'\u5927\u4f17\u724c', 'Haulage': u'0', 'RImportFlag': u'\u516d\u5ea7\u4ee5\u4e0b\u5ba2\u8f66', 'gCPlateNo': u'\u82cfA2G3K2', 'LastCheckDate': u'', 'status': u'\u6b63\u5e38', 'gNSeatNum': u'5', 'NCurbWt': u'1.33', 'useType': u'', 'RVehlcleTonnage': u'0.0', 'TransferDate': u'', 'gCNoticeType': u'FV7166BABBG', 'gCRegVhlTyp': u'K33', 'BrandEN': u'', 'hCAppNme': u'\u5f20\u5b87', 'gCFrmNo': u'LFV2A21KXG4048148', 'gCPlateTyp': u'02', 'SalesChannl': u'\u56fd\u4ea7', 'VehlclePrice': u'0'}
2017-03-06 16:45:05,032 - ERROR - request_getdata.py[line:224] - 车架号：LFV2A21KXG4048148,错误信息报价失败!车险平台返回信息 车牌号“苏A2G3K2”的保单发生重复投保，与其重复投保的其它公司的保单信息如下：车架号 LFV2A21KXG4048148;发动机号 GM9594。*:
2017-03-06 17:02:51,882 - INFO - request_getdata.py[line:58] - CPlateNo= 苏AN0Q83 是CIC续保用户 
2017-03-06 17:02:55,362 - INFO - vhlPlatform.py[line:32] - ------------------DamaTu.request.start--------------------------------
2017-03-06 17:02:57,365 - INFO - vhlPlatform.py[line:36] - ------------------DamaTu.request.end--------------------------------QQUM
2017-03-06 17:02:57,365 - INFO - vhlPlatform.py[line:51] - ------------------getCarInof.start--------------------------------
2017-03-06 17:02:59,963 - INFO - vhlPlatform.py[line:81] - cardict{'CEngNo': u'TAEM02094', 'RejectDate': u'20991231', 'color': u'\u68d5', 'CFstRegYm': u'2015-01-29', 'gNDisplacement': u'1.971', 'pmUseType': u'\u975e\u8425\u8fd0', 'MadeFactory': u'\u5947\u745e\u6c7d\u8f66\u80a1\u4efd\u6709\u9650\u516c\u53f8', 'IneffectualDate': u'20170131', 'EngineType': u'\u6c7d\u6cb9', 'gCBrandId': u'\u5947\u745e\u724c', 'Haulage': u'0', 'RImportFlag': u'\u516d\u5ea7\u4ee5\u4e0b\u5ba2\u8f66', 'gCPlateNo': u'\u82cfAN0Q83', 'LastCheckDate': u'20150129', 'status': u'\u903e\u671f\u672a\u68c0\u9a8c', 'gNSeatNum': u'5', 'NCurbWt': u'1.495', 'useType': u'', 'RVehlcleTonnage': u'0.0', 'TransferDate': u'', 'gCNoticeType': u'SQR6451T217', 'gCRegVhlTyp': u'K31', 'BrandEN': u'', 'hCAppNme': u'\u718a\u98de', 'gCFrmNo': u'LVTDB14B7FC003044', 'gCPlateTyp': u'02', 'SalesChannl': u'\u56fd\u4ea7', 'VehlclePrice': u'0'}
2017-03-06 17:03:08,802 - INFO - request_getdata.py[line:381] - 入库成功:苏AN0Q83|LVTDB14B7FC003044
2017-03-06 17:04:21,430 - INFO - login.py[line:38] - login sucess <requests.sessions.Session object at 0x000000000717DF98> 
2017-03-06 17:04:31,470 - INFO - request_getdata.py[line:58] - CPlateNo= 苏AN0Q83 是CIC续保用户 
2017-03-06 17:04:39,539 - INFO - vhlPlatform.py[line:32] - ------------------DamaTu.request.start--------------------------------
2017-03-06 17:04:44,572 - INFO - vhlPlatform.py[line:36] - ------------------DamaTu.request.end--------------------------------VNAV
2017-03-06 17:04:44,572 - INFO - vhlPlatform.py[line:51] - ------------------getCarInof.start--------------------------------
2017-03-06 17:04:44,871 - INFO - vhlPlatform.py[line:81] - cardict{'CEngNo': u'TAEM02094', 'RejectDate': u'20991231', 'color': u'\u68d5', 'CFstRegYm': u'2015-01-29', 'gNDisplacement': u'1.971', 'pmUseType': u'\u975e\u8425\u8fd0', 'MadeFactory': u'\u5947\u745e\u6c7d\u8f66\u80a1\u4efd\u6709\u9650\u516c\u53f8', 'IneffectualDate': u'20170131', 'EngineType': u'\u6c7d\u6cb9', 'gCBrandId': u'\u5947\u745e\u724c', 'Haulage': u'0', 'RImportFlag': u'\u516d\u5ea7\u4ee5\u4e0b\u5ba2\u8f66', 'gCPlateNo': u'\u82cfAN0Q83', 'LastCheckDate': u'20150129', 'status': u'\u903e\u671f\u672a\u68c0\u9a8c', 'gNSeatNum': u'5', 'NCurbWt': u'1.495', 'useType': u'', 'RVehlcleTonnage': u'0.0', 'TransferDate': u'', 'gCNoticeType': u'SQR6451T217', 'gCRegVhlTyp': u'K31', 'BrandEN': u'', 'hCAppNme': u'\u718a\u98de', 'gCFrmNo': u'LVTDB14B7FC003044', 'gCPlateTyp': u'02', 'SalesChannl': u'\u56fd\u4ea7', 'VehlclePrice': u'0'}
2017-03-06 17:04:52,578 - INFO - request_getdata.py[line:381] - 入库成功:苏AN0Q83|LVTDB14B7FC003044
2017-03-06 17:12:58,900 - INFO - login.py[line:38] - login sucess <requests.sessions.Session object at 0x00000000045D8E80> 
2017-03-06 17:15:46,693 - INFO - login.py[line:38] - login sucess <requests.sessions.Session object at 0x0000000003156240> 
2017-03-06 17:16:42,920 - INFO - login.py[line:38] - login sucess <requests.sessions.Session object at 0x0000000003206240> 
2017-03-06 17:42:51,312 - INFO - login.py[line:38] - login sucess <requests.sessions.Session object at 0x0000000003159240> 
2017-03-06 17:43:27,961 - INFO - login.py[line:38] - login sucess <requests.sessions.Session object at 0x00000000031C6240> 
2017-03-06 17:44:37,414 - INFO - login.py[line:38] - login sucess <requests.sessions.Session object at 0x0000000003D027F0> 
2017-03-07 09:24:34,855 - INFO - login.py[line:38] - login sucess <requests.sessions.Session object at 0x00000000034B6240> 
2017-03-07 09:56:12,700 - INFO - vhlPlatform.py[line:32] - ------------------DamaTu.request.start--------------------------------
2017-03-07 09:56:15,302 - INFO - vhlPlatform.py[line:36] - ------------------DamaTu.request.end--------------------------------CVAK
2017-03-07 09:56:15,302 - INFO - vhlPlatform.py[line:51] - ------------------getCarInof.start--------------------------------
2017-03-07 09:56:15,575 - INFO - vhlPlatform.py[line:81] - cardict{'CEngNo': u'1001022754', 'RejectDate': u'20991231', 'color': u'\u7070', 'CFstRegYm': u'2010-10-27', 'gNDisplacement': u'1.497', 'pmUseType': u'\u975e\u8425\u8fd0', 'MadeFactory': u'\u957f\u57ce\u6c7d\u8f66\u80a1\u4efd\u6709\u9650\u516c\u53f8', 'IneffectualDate': u'20171031', 'EngineType': u'\u6c7d\u6cb9', 'gCBrandId': u'\u957f\u57ce\u724c', 'Haulage': u'0', 'RImportFlag': u'\u516d\u5ea7\u4ee5\u4e0b\u5ba2\u8f66', 'gCPlateNo': u'\u82cfA833E0', 'LastCheckDate': u'20161013', 'status': u'\u6b63\u5e38', 'gNSeatNum': u'5', 'NCurbWt': u'1.17', 'useType': u'', 'RVehlcleTonnage': u'0.0', 'TransferDate': u'', 'gCNoticeType': u'CC7151AMA06', 'gCRegVhlTyp': u'K33', 'BrandEN': u'', 'hCAppNme': u'\u5434\u53d1\u793c', 'gCFrmNo': u'LGWEE2A46AE007244', 'gCPlateTyp': u'02', 'SalesChannl': u'\u56fd\u4ea7', 'VehlclePrice': u'0'}
2017-03-07 09:59:03,457 - INFO - login.py[line:38] - login sucess <requests.sessions.Session object at 0x00000000044A89B0> 
2017-03-07 09:59:35,480 - INFO - vhlPlatform.py[line:32] - ------------------DamaTu.request.start--------------------------------
2017-03-07 09:59:56,756 - INFO - login.py[line:38] - login sucess <requests.sessions.Session object at 0x000000000316C828> 
2017-03-07 10:02:32,438 - INFO - login.py[line:38] - login sucess <requests.sessions.Session object at 0x000000000455D320> 
2017-03-07 10:03:12,627 - INFO - login.py[line:38] - login sucess <requests.sessions.Session object at 0x0000000003139828> 
2017-03-07 10:03:42,473 - INFO - vhlPlatform.py[line:32] - ------------------DamaTu.request.start--------------------------------
2017-03-07 10:03:51,065 - INFO - vhlPlatform.py[line:36] - ------------------DamaTu.request.end--------------------------------FBQE
2017-03-07 10:03:51,066 - INFO - vhlPlatform.py[line:51] - ------------------getCarInof.start--------------------------------
2017-03-07 10:03:51,398 - INFO - vhlPlatform.py[line:32] - ------------------DamaTu.request.start--------------------------------
2017-03-07 10:03:57,694 - INFO - vhlPlatform.py[line:36] - ------------------DamaTu.request.end--------------------------------W7PE
2017-03-07 10:03:57,940 - INFO - vhlPlatform.py[line:77] - cic code ERROR 
2017-03-07 10:03:57,940 - ERROR - vhlPlatform.py[line:86] - list index out of range
2017-03-07 10:07:26,545 - INFO - vhlPlatform.py[line:32] - ------------------DamaTu.request.start--------------------------------
2017-03-07 10:07:30,730 - INFO - vhlPlatform.py[line:36] - ------------------DamaTu.request.end--------------------------------JL3A
2017-03-07 10:07:30,730 - INFO - vhlPlatform.py[line:51] - ------------------getCarInof.start--------------------------------
2017-03-07 10:07:30,973 - INFO - vhlPlatform.py[line:32] - ------------------DamaTu.request.start--------------------------------
2017-03-07 10:07:32,598 - INFO - vhlPlatform.py[line:36] - ------------------DamaTu.request.end--------------------------------HHYA
2017-03-07 10:07:32,829 - INFO - vhlPlatform.py[line:77] - cic code SUCESS 
2017-03-07 10:07:32,839 - INFO - vhlPlatform.py[line:81] - cardict{'CEngNo': u'1001022754', 'RejectDate': u'20991231', 'color': u'\u7070', 'CFstRegYm': u'2010-10-27', 'gNDisplacement': u'1.497', 'pmUseType': u'\u975e\u8425\u8fd0', 'MadeFactory': u'\u957f\u57ce\u6c7d\u8f66\u80a1\u4efd\u6709\u9650\u516c\u53f8', 'IneffectualDate': u'20171031', 'EngineType': u'\u6c7d\u6cb9', 'gCBrandId': u'\u957f\u57ce\u724c', 'Haulage': u'0', 'RImportFlag': u'\u516d\u5ea7\u4ee5\u4e0b\u5ba2\u8f66', 'gCPlateNo': u'\u82cfA833E0', 'LastCheckDate': u'20161013', 'status': u'\u6b63\u5e38', 'gNSeatNum': u'5', 'NCurbWt': u'1.17', 'useType': u'', 'RVehlcleTonnage': u'0.0', 'TransferDate': u'', 'gCNoticeType': u'CC7151AMA06', 'gCRegVhlTyp': u'K33', 'BrandEN': u'', 'hCAppNme': u'\u5434\u53d1\u793c', 'gCFrmNo': u'LGWEE2A46AE007244', 'gCPlateTyp': u'02', 'SalesChannl': u'\u56fd\u4ea7', 'VehlclePrice': u'0'}
2017-03-07 10:12:19,279 - INFO - vhlPlatform.py[line:32] - ------------------DamaTu.request.start--------------------------------
2017-03-07 10:12:25,328 - INFO - vhlPlatform.py[line:36] - ------------------DamaTu.request.end--------------------------------D53Y
2017-03-07 10:12:25,328 - INFO - vhlPlatform.py[line:51] - ------------------getCarInof.start--------------------------------
2017-03-07 10:12:25,668 - INFO - vhlPlatform.py[line:32] - ------------------DamaTu.request.start--------------------------------
2017-03-07 10:12:31,868 - INFO - vhlPlatform.py[line:36] - ------------------DamaTu.request.end--------------------------------H6MA
2017-03-07 10:12:36,864 - INFO - vhlPlatform.py[line:77] - cic code ERROR 
2017-03-07 10:12:36,865 - ERROR - vhlPlatform.py[line:86] - list index out of range
2017-03-07 10:38:21,775 - INFO - login.py[line:38] - login sucess <requests.sessions.Session object at 0x0000000003D29048> 
2017-03-07 10:40:49,947 - INFO - vhlPlatform.py[line:32] - ------------------DamaTu.request.start--------------------------------
2017-03-07 10:48:31,344 - INFO - vhlPlatform.py[line:32] - ------------------DamaTu.request.start--------------------------------
2017-03-07 10:48:38,263 - INFO - vhlPlatform.py[line:36] - ------------------DamaTu.request.end--------------------------------HCAQ
2017-03-07 10:48:42,918 - INFO - vhlPlatform.py[line:51] - ------------------getCarInof.start--------------------------------
2017-03-07 10:49:14,553 - INFO - vhlPlatform.py[line:32] - ------------------DamaTu.request.start--------------------------------
2017-03-07 10:51:13,282 - INFO - vhlPlatform.py[line:32] - ------------------DamaTu.request.start--------------------------------
2017-03-07 10:51:18,269 - INFO - vhlPlatform.py[line:36] - ------------------DamaTu.request.end--------------------------------63YU
2017-03-07 10:51:18,269 - INFO - vhlPlatform.py[line:51] - ------------------getCarInof.start--------------------------------
2017-03-07 10:51:18,286 - ERROR - vhlPlatform.py[line:86] - 'Retry' object has no attribute '_observed_errors'
2017-03-07 10:51:19,068 - ERROR - request_getdata.py[line:270] - 通过车架号未查询到车辆信息 LGWEE2A46AE007244
2017-03-07 10:52:53,315 - INFO - vhlPlatform.py[line:32] - ------------------DamaTu.request.start--------------------------------
2017-03-07 10:52:55,780 - INFO - vhlPlatform.py[line:36] - ------------------DamaTu.request.end--------------------------------5UAU
2017-03-07 10:52:55,782 - INFO - vhlPlatform.py[line:51] - ------------------getCarInof.start--------------------------------
2017-03-07 10:52:56,318 - INFO - vhlPlatform.py[line:81] - cardict{'CEngNo': u'1001022754', 'RejectDate': u'20991231', 'color': u'\u7070', 'CFstRegYm': u'2010-10-27', 'gNDisplacement': u'1.497', 'pmUseType': u'\u975e\u8425\u8fd0', 'MadeFactory': u'\u957f\u57ce\u6c7d\u8f66\u80a1\u4efd\u6709\u9650\u516c\u53f8', 'IneffectualDate': u'20171031', 'EngineType': u'\u6c7d\u6cb9', 'gCBrandId': u'\u957f\u57ce\u724c', 'Haulage': u'0', 'RImportFlag': u'\u516d\u5ea7\u4ee5\u4e0b\u5ba2\u8f66', 'gCPlateNo': u'\u82cfA833E0', 'LastCheckDate': u'20161013', 'status': u'\u6b63\u5e38', 'gNSeatNum': u'5', 'NCurbWt': u'1.17', 'useType': u'', 'RVehlcleTonnage': u'0.0', 'TransferDate': u'', 'gCNoticeType': u'CC7151AMA06', 'gCRegVhlTyp': u'K33', 'BrandEN': u'', 'hCAppNme': u'\u5434\u53d1\u793c', 'gCFrmNo': u'LGWEE2A46AE007244', 'gCPlateTyp': u'02', 'SalesChannl': u'\u56fd\u4ea7', 'VehlclePrice': u'0'}
2017-03-07 10:52:56,319 - INFO - vhlPlatform.py[line:84] - {'CEngNo': u'1001022754', 'RejectDate': u'20991231', 'color': u'\u7070', 'CFstRegYm': u'2010-10-27', 'gNDisplacement': u'1.497', 'pmUseType': u'\u975e\u8425\u8fd0', 'MadeFactory': u'\u957f\u57ce\u6c7d\u8f66\u80a1\u4efd\u6709\u9650\u516c\u53f8', 'IneffectualDate': u'20171031', 'EngineType': u'\u6c7d\u6cb9', 'gCValidateCode': '5UAU', 'gCBrandId': u'\u957f\u57ce\u724c', 'Haulage': u'0', 'RImportFlag': u'\u516d\u5ea7\u4ee5\u4e0b\u5ba2\u8f66', 'gCPlateNo': u'\u82cfA833E0', 'LastCheckDate': u'20161013', 'status': u'\u6b63\u5e38', 'gNSeatNum': u'5', 'NCurbWt': u'1.17', 'useType': u'', 'RVehlcleTonnage': u'0.0', 'TransferDate': u'', 'gCNoticeType': u'CC7151AMA06', 'gCRegVhlTyp': u'K33', 'BrandEN': u'', 'hCAppNme': u'\u5434\u53d1\u793c', 'gCFrmNo': u'LGWEE2A46AE007244', 'gCPlateTyp': u'02', 'checkNo': u'72CICP320017001488855128145526', 'SalesChannl': u'\u56fd\u4ea7', 'VehlclePrice': u'0'}
2017-03-07 10:52:56,924 - ERROR - request_getdata.py[line:270] - 通过车架号未查询到车辆信息 LGWEE2A46AE007244
2017-03-07 11:11:56,898 - ERROR - vhlPlatform.py[line:39] - No JSON object could be decoded
2017-03-07 11:11:56,898 - ERROR - vhlPlatform.py[line:87] - 'NoneType' object has no attribute '__getitem__'
2017-03-07 11:12:25,900 - INFO - vhlPlatform.py[line:32] - ------------------DamaTu.request.start--------------------------------
2017-03-07 11:12:29,388 - INFO - vhlPlatform.py[line:36] - ------------------DamaTu.request.end--------------------------------UU2Z
2017-03-07 11:12:31,526 - INFO - vhlPlatform.py[line:51] - ------------------getCarInof.start--------------------------------
2017-03-07 11:12:36,549 - INFO - vhlPlatform.py[line:81] - cardict{'CEngNo': u'1001022754', 'RejectDate': u'20991231', 'color': u'\u7070', 'CFstRegYm': u'2010-10-27', 'gNDisplacement': u'1.497', 'pmUseType': u'\u975e\u8425\u8fd0', 'MadeFactory': u'\u957f\u57ce\u6c7d\u8f66\u80a1\u4efd\u6709\u9650\u516c\u53f8', 'IneffectualDate': u'20171031', 'EngineType': u'\u6c7d\u6cb9', 'gCBrandId': u'\u957f\u57ce\u724c', 'Haulage': u'0', 'RImportFlag': u'\u516d\u5ea7\u4ee5\u4e0b\u5ba2\u8f66', 'gCPlateNo': u'\u82cfA833E0', 'LastCheckDate': u'20161013', 'status': u'\u6b63\u5e38', 'gNSeatNum': u'5', 'NCurbWt': u'1.17', 'useType': u'', 'RVehlcleTonnage': u'0.0', 'TransferDate': u'', 'gCNoticeType': u'CC7151AMA06', 'gCRegVhlTyp': u'K33', 'BrandEN': u'', 'hCAppNme': u'\u5434\u53d1\u793c', 'gCFrmNo': u'LGWEE2A46AE007244', 'gCPlateTyp': u'02', 'SalesChannl': u'\u56fd\u4ea7', 'VehlclePrice': u'0'}
2017-03-07 11:12:38,211 - INFO - vhlPlatform.py[line:84] - {'CEngNo': u'1001022754', 'RejectDate': u'20991231', 'color': u'\u7070', 'CFstRegYm': u'2010-10-27', 'gNDisplacement': u'1.497', 'pmUseType': u'\u975e\u8425\u8fd0', 'MadeFactory': u'\u957f\u57ce\u6c7d\u8f66\u80a1\u4efd\u6709\u9650\u516c\u53f8', 'IneffectualDate': u'20171031', 'EngineType': u'\u6c7d\u6cb9', 'gCValidateCode': 'UU2Z', 'gCBrandId': u'\u957f\u57ce\u724c', 'Haulage': u'0', 'RImportFlag': u'\u516d\u5ea7\u4ee5\u4e0b\u5ba2\u8f66', 'gCPlateNo': u'\u82cfA833E0', 'LastCheckDate': u'20161013', 'status': u'\u6b63\u5e38', 'gNSeatNum': u'5', 'NCurbWt': u'1.17', 'useType': u'', 'RVehlcleTonnage': u'0.0', 'TransferDate': u'', 'gCNoticeType': u'CC7151AMA06', 'gCRegVhlTyp': u'K33', 'BrandEN': u'', 'hCAppNme': u'\u5434\u53d1\u793c', 'gCFrmNo': u'LGWEE2A46AE007244', 'gCPlateTyp': u'02', 'checkNo': u'72CICP320017001488856300676368', 'SalesChannl': u'\u56fd\u4ea7', 'VehlclePrice': u'0'}
2017-03-07 11:12:49,688 - ERROR - request_getdata.py[line:280] - 通过车架号未查询到车辆信息 LGWEE2A46AE007244
2017-03-07 11:18:20,388 - INFO - vhlPlatform.py[line:32] - ------------------DamaTu.request.start--------------------------------
2017-03-07 11:18:25,555 - INFO - vhlPlatform.py[line:36] - ------------------DamaTu.request.end--------------------------------6QHQ
2017-03-07 11:18:25,555 - INFO - vhlPlatform.py[line:51] - ------------------getCarInof.start--------------------------------
2017-03-07 11:18:26,158 - INFO - vhlPlatform.py[line:81] - cardict{'CEngNo': u'1001022754', 'RejectDate': u'20991231', 'color': u'\u7070', 'CFstRegYm': u'2010-10-27', 'gNDisplacement': u'1.497', 'pmUseType': u'\u975e\u8425\u8fd0', 'MadeFactory': u'\u957f\u57ce\u6c7d\u8f66\u80a1\u4efd\u6709\u9650\u516c\u53f8', 'IneffectualDate': u'20171031', 'EngineType': u'\u6c7d\u6cb9', 'gCBrandId': u'\u957f\u57ce\u724c', 'Haulage': u'0', 'RImportFlag': u'\u516d\u5ea7\u4ee5\u4e0b\u5ba2\u8f66', 'gCPlateNo': u'\u82cfA833E0', 'LastCheckDate': u'20161013', 'status': u'\u6b63\u5e38', 'gNSeatNum': u'5', 'NCurbWt': u'1.17', 'useType': u'', 'RVehlcleTonnage': u'0.0', 'TransferDate': u'', 'gCNoticeType': u'CC7151AMA06', 'gCRegVhlTyp': u'K33', 'BrandEN': u'', 'hCAppNme': u'\u5434\u53d1\u793c', 'gCFrmNo': u'LGWEE2A46AE007244', 'gCPlateTyp': u'02', 'SalesChannl': u'\u56fd\u4ea7', 'VehlclePrice': u'0'}
2017-03-07 11:18:26,158 - INFO - vhlPlatform.py[line:84] - {'CEngNo': u'1001022754', 'RejectDate': u'20991231', 'color': u'\u7070', 'CFstRegYm': u'2010-10-27', 'gNDisplacement': u'1.497', 'pmUseType': u'\u975e\u8425\u8fd0', 'MadeFactory': u'\u957f\u57ce\u6c7d\u8f66\u80a1\u4efd\u6709\u9650\u516c\u53f8', 'IneffectualDate': u'20171031', 'EngineType': u'\u6c7d\u6cb9', 'gCValidateCode': '6QHQ', 'gCBrandId': u'\u957f\u57ce\u724c', 'Haulage': u'0', 'RImportFlag': u'\u516d\u5ea7\u4ee5\u4e0b\u5ba2\u8f66', 'gCPlateNo': u'\u82cfA833E0', 'LastCheckDate': u'20161013', 'status': u'\u6b63\u5e38', 'gNSeatNum': u'5', 'NCurbWt': u'1.17', 'useType': u'', 'RVehlcleTonnage': u'0.0', 'TransferDate': u'', 'gCNoticeType': u'CC7151AMA06', 'gCRegVhlTyp': u'K33', 'BrandEN': u'', 'hCAppNme': u'\u5434\u53d1\u793c', 'gCFrmNo': u'LGWEE2A46AE007244', 'gCPlateTyp': u'02', 'checkNo': u'72CICP320017001488856653910800', 'SalesChannl': u'\u56fd\u4ea7', 'VehlclePrice': u'0'}
2017-03-07 11:18:27,436 - ERROR - request_getdata.py[line:280] - 通过车架号未查询到车辆信息 LGWEE2A46AE007244
2017-03-07 11:18:55,316 - ERROR - request_getdata.py[line:406] - 车架号：LGWEE2A46AE007244,错误信息报价失败!车险平台返回信息 车牌号“苏A833E0”的保单发生重复投保，与其重复投保的其它公司的保单信息如下：车架号 LGWEE2A46AE007244;发动机号 1001022754。*:
2017-03-07 12:37:36,763 - INFO - login.py[line:38] - login sucess <requests.sessions.Session object at 0x00000000033EC828> 
2017-03-07 14:02:09,433 - INFO - request_getdata.py[line:69] - CPlateNo= 苏AT007J 是CIC续保用户 
2017-03-07 14:21:47,349 - INFO - request_getdata.py[line:69] - CPlateNo= 苏AT007J 是CIC续保用户 
2017-03-07 14:36:33,948 - INFO - login.py[line:38] - login sucess <requests.sessions.Session object at 0x00000000063B1828> 
2017-03-07 14:36:40,676 - INFO - vhlPlatform.py[line:32] - ------------------DamaTu.request.start--------------------------------
2017-03-07 14:36:48,969 - INFO - login.py[line:38] - login sucess <requests.sessions.Session object at 0x000000000326C828> 
2017-03-07 14:37:17,795 - INFO - vhlPlatform.py[line:32] - ------------------DamaTu.request.start--------------------------------
2017-03-07 14:37:20,601 - INFO - vhlPlatform.py[line:36] - ------------------DamaTu.request.end--------------------------------CZHZ
2017-03-07 14:37:20,601 - INFO - vhlPlatform.py[line:51] - ------------------getCarInof.start--------------------------------
2017-03-07 14:37:21,474 - INFO - vhlPlatform.py[line:81] - cardict{'CEngNo': u'7070457', 'RejectDate': u'20991231', 'color': u'\u7070', 'CFstRegYm': u'2008-02-27', 'gNDisplacement': u'1.31', 'pmUseType': u'\u975e\u8425\u8fd0', 'MadeFactory': u'\u4e1c\u98ce\u6c7d\u8f66\u516c\u53f8', 'IneffectualDate': u'20180228', 'EngineType': u'\u6c7d\u6cb9', 'gCBrandId': u'\u4e1c\u98ce\u724c', 'Haulage': u'0', 'RImportFlag': u'\u516d\u5ea7\u4ee5\u4e0b\u5ba2\u8f66', 'gCPlateNo': u'\u82cfAPV190', 'LastCheckDate': u'20170228', 'status': u'\u6b63\u5e38', 'gNSeatNum': u'5', 'NCurbWt': u'1.015', 'useType': u'', 'RVehlcleTonnage': u'0.0', 'TransferDate': u'', 'gCNoticeType': u'EQ6381LF22Q', 'gCRegVhlTyp': u'K39', 'BrandEN': u'', 'hCAppNme': u'\u6c6a\u8a00\u5bff', 'gCFrmNo': u'LGKZ32G7479127197', 'gCPlateTyp': u'02', 'SalesChannl': u'\u56fd\u4ea7', 'VehlclePrice': u'0'}
2017-03-07 14:37:21,474 - INFO - vhlPlatform.py[line:84] - {'CEngNo': u'7070457', 'RejectDate': u'20991231', 'color': u'\u7070', 'CFstRegYm': u'2008-02-27', 'gNDisplacement': u'1.31', 'pmUseType': u'\u975e\u8425\u8fd0', 'MadeFactory': u'\u4e1c\u98ce\u6c7d\u8f66\u516c\u53f8', 'IneffectualDate': u'20180228', 'EngineType': u'\u6c7d\u6cb9', 'gCValidateCode': 'CZHZ', 'gCBrandId': u'\u4e1c\u98ce\u724c', 'Haulage': u'0', 'RImportFlag': u'\u516d\u5ea7\u4ee5\u4e0b\u5ba2\u8f66', 'gCPlateNo': u'\u82cfAPV190', 'LastCheckDate': u'20170228', 'status': u'\u6b63\u5e38', 'gNSeatNum': u'5', 'NCurbWt': u'1.015', 'useType': u'', 'RVehlcleTonnage': u'0.0', 'TransferDate': u'', 'gCNoticeType': u'EQ6381LF22Q', 'gCRegVhlTyp': u'K39', 'BrandEN': u'', 'hCAppNme': u'\u6c6a\u8a00\u5bff', 'gCFrmNo': u'LGKZ32G7479127197', 'gCPlateTyp': u'02', 'checkNo': u'72CICP320017001488868592545721', 'SalesChannl': u'\u56fd\u4ea7', 'VehlclePrice': u'0'}
2017-03-07 14:37:25,029 - INFO - vhlPlatform.py[line:32] - ------------------DamaTu.request.start--------------------------------
2017-03-07 14:37:35,167 - INFO - vhlPlatform.py[line:36] - ------------------DamaTu.request.end--------------------------------NNBE
2017-03-07 14:37:35,167 - INFO - vhlPlatform.py[line:51] - ------------------getCarInof.start--------------------------------
2017-03-07 14:37:35,734 - INFO - vhlPlatform.py[line:81] - cardict{'CEngNo': u'7070457', 'RejectDate': u'20991231', 'color': u'\u7070', 'CFstRegYm': u'2008-02-27', 'gNDisplacement': u'1.31', 'pmUseType': u'\u975e\u8425\u8fd0', 'MadeFactory': u'\u4e1c\u98ce\u6c7d\u8f66\u516c\u53f8', 'IneffectualDate': u'20180228', 'EngineType': u'\u6c7d\u6cb9', 'gCBrandId': u'\u4e1c\u98ce\u724c', 'Haulage': u'0', 'RImportFlag': u'\u516d\u5ea7\u4ee5\u4e0b\u5ba2\u8f66', 'gCPlateNo': u'\u82cfAPV190', 'LastCheckDate': u'20170228', 'status': u'\u6b63\u5e38', 'gNSeatNum': u'5', 'NCurbWt': u'1.015', 'useType': u'', 'RVehlcleTonnage': u'0.0', 'TransferDate': u'', 'gCNoticeType': u'EQ6381LF22Q', 'gCRegVhlTyp': u'K39', 'BrandEN': u'', 'hCAppNme': u'\u6c6a\u8a00\u5bff', 'gCFrmNo': u'LGKZ32G7479127197', 'gCPlateTyp': u'02', 'SalesChannl': u'\u56fd\u4ea7', 'VehlclePrice': u'0'}
2017-03-07 14:37:35,736 - INFO - vhlPlatform.py[line:84] - {'CEngNo': u'7070457', 'RejectDate': u'20991231', 'color': u'\u7070', 'CFstRegYm': u'2008-02-27', 'gNDisplacement': u'1.31', 'pmUseType': u'\u975e\u8425\u8fd0', 'MadeFactory': u'\u4e1c\u98ce\u6c7d\u8f66\u516c\u53f8', 'IneffectualDate': u'20180228', 'EngineType': u'\u6c7d\u6cb9', 'gCValidateCode': 'NNBE', 'gCBrandId': u'\u4e1c\u98ce\u724c', 'Haulage': u'0', 'RImportFlag': u'\u516d\u5ea7\u4ee5\u4e0b\u5ba2\u8f66', 'gCPlateNo': u'\u82cfAPV190', 'LastCheckDate': u'20170228', 'status': u'\u6b63\u5e38', 'gNSeatNum': u'5', 'NCurbWt': u'1.015', 'useType': u'', 'RVehlcleTonnage': u'0.0', 'TransferDate': u'', 'gCNoticeType': u'EQ6381LF22Q', 'gCRegVhlTyp': u'K39', 'BrandEN': u'', 'hCAppNme': u'\u6c6a\u8a00\u5bff', 'gCFrmNo': u'LGKZ32G7479127197', 'gCPlateTyp': u'02', 'checkNo': u'72CICP320017001488868597094749', 'SalesChannl': u'\u56fd\u4ea7', 'VehlclePrice': u'0'}
2017-03-07 14:37:50,401 - ERROR - request_getdata.py[line:247] - 车架号：LGKZ32G7479127197,错误信息报价失败!车险平台返回信息 核定载客人数与交管信息不一致，交管信息为：5.0;保险公司上传的车辆信息与交管车辆信息不一致，建议通过交管车辆信息查询功能核实车辆信息。*:
2017-03-07 14:53:09,792 - INFO - vhlPlatform.py[line:32] - ------------------DamaTu.request.start--------------------------------
2017-03-07 14:53:12,977 - INFO - vhlPlatform.py[line:36] - ------------------DamaTu.request.end--------------------------------8YKG
2017-03-07 14:53:12,980 - INFO - vhlPlatform.py[line:51] - ------------------getCarInof.start--------------------------------
2017-03-07 14:53:13,257 - INFO - vhlPlatform.py[line:32] - ------------------DamaTu.request.start--------------------------------
2017-03-07 14:53:17,552 - INFO - vhlPlatform.py[line:36] - ------------------DamaTu.request.end--------------------------------UJET
2017-03-07 14:53:17,970 - INFO - vhlPlatform.py[line:77] - cic code SUCESS 
2017-03-07 14:53:18,046 - INFO - vhlPlatform.py[line:81] - cardict{'CEngNo': u'7070457', 'RejectDate': u'20991231', 'color': u'\u7070', 'CFstRegYm': u'2008-02-27', 'gNDisplacement': u'1.31', 'pmUseType': u'\u975e\u8425\u8fd0', 'MadeFactory': u'\u4e1c\u98ce\u6c7d\u8f66\u516c\u53f8', 'IneffectualDate': u'20180228', 'EngineType': u'\u6c7d\u6cb9', 'gCBrandId': u'\u4e1c\u98ce\u724c', 'Haulage': u'0', 'RImportFlag': u'\u516d\u5ea7\u4ee5\u4e0b\u5ba2\u8f66', 'gCPlateNo': u'\u82cfAPV190', 'LastCheckDate': u'20170228', 'status': u'\u6b63\u5e38', 'gNSeatNum': u'5', 'NCurbWt': u'1.015', 'useType': u'', 'RVehlcleTonnage': u'0.0', 'TransferDate': u'', 'gCNoticeType': u'EQ6381LF22Q', 'gCRegVhlTyp': u'K39', 'BrandEN': u'', 'hCAppNme': u'\u6c6a\u8a00\u5bff', 'gCFrmNo': u'LGKZ32G7479127197', 'gCPlateTyp': u'02', 'SalesChannl': u'\u56fd\u4ea7', 'VehlclePrice': u'0'}
2017-03-07 14:53:18,046 - INFO - vhlPlatform.py[line:84] - {'CEngNo': u'7070457', 'RejectDate': u'20991231', 'color': u'\u7070', 'CFstRegYm': u'2008-02-27', 'gNDisplacement': u'1.31', 'pmUseType': u'\u975e\u8425\u8fd0', 'MadeFactory': u'\u4e1c\u98ce\u6c7d\u8f66\u516c\u53f8', 'IneffectualDate': u'20180228', 'EngineType': u'\u6c7d\u6cb9', 'gCValidateCode': 'UJET', 'gCBrandId': u'\u4e1c\u98ce\u724c', 'Haulage': u'0', 'RImportFlag': u'\u516d\u5ea7\u4ee5\u4e0b\u5ba2\u8f66', 'gCPlateNo': u'\u82cfAPV190', 'LastCheckDate': u'20170228', 'status': u'\u6b63\u5e38', 'gNSeatNum': u'5', 'NCurbWt': u'1.015', 'useType': u'', 'RVehlcleTonnage': u'0.0', 'TransferDate': u'', 'gCNoticeType': u'EQ6381LF22Q', 'gCRegVhlTyp': u'K39', 'BrandEN': u'', 'hCAppNme': u'\u6c6a\u8a00\u5bff', 'gCFrmNo': u'LGKZ32G7479127197', 'gCPlateTyp': u'02', 'checkNo': u'72CICP320017001488869548187342', 'SalesChannl': u'\u56fd\u4ea7', 'VehlclePrice': u'0'}
2017-03-07 16:36:01,171 - INFO - login.py[line:38] - login sucess <requests.sessions.Session object at 0x000000000331B128> 
2017-03-07 16:36:52,075 - INFO - login.py[line:38] - login sucess <requests.sessions.Session object at 0x0000000003339860> 
2017-03-07 18:24:12,536 - INFO - login.py[line:38] - login sucess <requests.sessions.Session object at 0x0000000003119860> 
2017-03-07 19:01:58,808 - INFO - login.py[line:38] - login sucess <requests.sessions.Session object at 0x0000000003289860> 
2017-03-08 10:07:36,005 - INFO - request_getdata.py[line:69] - CPlateNo= 苏AQ181L 是CIC续保用户 
2017-03-08 15:35:34,678 - INFO - login.py[line:38] - login sucess <requests.sessions.Session object at 0x0000000003248BE0> 
2017-03-08 17:55:28,355 - INFO - vhlPlatform.py[line:32] - ------------------DamaTu.request.start--------------------------------
2017-03-08 17:55:33,687 - INFO - vhlPlatform.py[line:36] - ------------------DamaTu.request.end--------------------------------BHXG
2017-03-08 17:55:33,687 - INFO - vhlPlatform.py[line:51] - ------------------getCarInof.start--------------------------------
2017-03-08 17:55:34,265 - INFO - vhlPlatform.py[line:81] - cardict{'CEngNo': u'553233', 'RejectDate': u'20991231', 'color': u'\u767d', 'CFstRegYm': u'2014-04-01', 'gNDisplacement': u'1.39', 'pmUseType': u'\u975e\u8425\u8fd0', 'MadeFactory': u'\u4e0a\u6d77\u5927\u4f17\u6c7d\u8f66\u6709\u9650\u516c\u53f8', 'IneffectualDate': u'20180430', 'EngineType': u'\u6c7d\u6cb9', 'gCBrandId': u'\u5927\u4f17\u6c7d\u8f66\u724c', 'Haulage': u'0', 'RImportFlag': u'\u516d\u5ea7\u4ee5\u4e0b\u5ba2\u8f66', 'gCPlateNo': u'\u82cfAQ181L', 'LastCheckDate': u'20160401', 'status': u'\u8fdd\u6cd5\u672a\u5904\u7406', 'gNSeatNum': u'5', 'NCurbWt': u'1.215', 'useType': u'', 'RVehlcleTonnage': u'0.0', 'TransferDate': u'', 'gCNoticeType': u'SVW71411LR', 'gCRegVhlTyp': u'K33', 'BrandEN': u'VOLKSWAGEN', 'hCAppNme': u'\u4f58\u5b89\u751f', 'gCFrmNo': u'LSVFG66R1D2132738', 'gCPlateTyp': u'02', 'SalesChannl': u'\u56fd\u4ea7', 'VehlclePrice': u'0'}
2017-03-08 17:55:34,266 - INFO - vhlPlatform.py[line:84] - {'CEngNo': u'553233', 'RejectDate': u'20991231', 'color': u'\u767d', 'CFstRegYm': u'2014-04-01', 'gNDisplacement': u'1.39', 'pmUseType': u'\u975e\u8425\u8fd0', 'MadeFactory': u'\u4e0a\u6d77\u5927\u4f17\u6c7d\u8f66\u6709\u9650\u516c\u53f8', 'IneffectualDate': u'20180430', 'EngineType': u'\u6c7d\u6cb9', 'gCValidateCode': 'BHXG', 'gCBrandId': u'\u5927\u4f17\u6c7d\u8f66\u724c', 'Haulage': u'0', 'RImportFlag': u'\u516d\u5ea7\u4ee5\u4e0b\u5ba2\u8f66', 'gCPlateNo': u'\u82cfAQ181L', 'LastCheckDate': u'20160401', 'status': u'\u8fdd\u6cd5\u672a\u5904\u7406', 'gNSeatNum': u'5', 'NCurbWt': u'1.215', 'useType': u'', 'RVehlcleTonnage': u'0.0', 'TransferDate': u'', 'gCNoticeType': u'SVW71411LR', 'gCRegVhlTyp': u'K33', 'BrandEN': u'VOLKSWAGEN', 'hCAppNme': u'\u4f58\u5b89\u751f', 'gCFrmNo': u'LSVFG66R1D2132738', 'gCPlateTyp': u'02', 'checkNo': u'72CICP320017001488966883955290', 'SalesChannl': u'\u56fd\u4ea7', 'VehlclePrice': u'0'}
